{"/home/travis/build/npmtest/node-npmtest-node-svm/test.js":{"path":"/home/travis/build/npmtest/node-npmtest-node-svm/test.js","s":{"1":2,"2":2,"3":2,"4":2,"5":2,"6":2,"7":2,"8":1,"9":2,"10":2,"11":1,"12":1,"13":1,"14":1,"15":2,"16":2,"17":2,"18":2,"19":1,"20":1,"21":2,"22":2,"23":2,"24":1,"25":1,"26":1,"27":1,"28":1,"29":1,"30":1,"31":1,"32":1,"33":1,"34":1,"35":1,"36":1,"37":1,"38":1,"39":2,"40":2,"41":1,"42":2,"43":2,"44":1,"45":2,"46":2,"47":1,"48":2,"49":2,"50":1,"51":1,"52":1,"53":1,"54":1},"b":{"1":[2,1,1,1],"2":[1,1,1,1],"3":[1,1],"4":[1,1],"5":[1,1],"6":[1,1],"7":[1,1],"8":[1,1],"9":[1,1],"10":[1,1,1],"11":[1,1],"12":[1,1],"13":[1,1],"14":[1,1],"15":[1,1],"16":[1,1],"17":[1,1]},"f":{"1":2,"2":2,"3":2,"4":2,"5":2,"6":1,"7":1,"8":1,"9":2,"10":2,"11":2,"12":2,"13":1},"fnMap":{"1":{"name":"(anonymous_1)","line":12,"loc":{"start":{"line":12,"column":1},"end":{"line":12,"column":13}}},"2":{"name":"(anonymous_2)","line":19,"loc":{"start":{"line":19,"column":5},"end":{"line":19,"column":17}}},"3":{"name":"(anonymous_3)","line":23,"loc":{"start":{"line":23,"column":24},"end":{"line":23,"column":36}}},"4":{"name":"(anonymous_4)","line":61,"loc":{"start":{"line":61,"column":5},"end":{"line":61,"column":17}}},"5":{"name":"(anonymous_5)","line":82,"loc":{"start":{"line":82,"column":5},"end":{"line":82,"column":17}}},"6":{"name":"(anonymous_6)","line":91,"loc":{"start":{"line":91,"column":77},"end":{"line":94,"column":10}}},"7":{"name":"(anonymous_7)","line":112,"loc":{"start":{"line":112,"column":83},"end":{"line":115,"column":10}},"skip":true},"8":{"name":"(anonymous_8)","line":123,"loc":{"start":{"line":123,"column":77},"end":{"line":126,"column":10}},"skip":true},"9":{"name":"(anonymous_9)","line":139,"loc":{"start":{"line":139,"column":12},"end":{"line":139,"column":40}},"skip":true},"10":{"name":"(anonymous_10)","line":147,"loc":{"start":{"line":147,"column":77},"end":{"line":150,"column":10}},"skip":true},"11":{"name":"(anonymous_11)","line":158,"loc":{"start":{"line":158,"column":83},"end":{"line":161,"column":10}},"skip":true},"12":{"name":"(anonymous_12)","line":169,"loc":{"start":{"line":169,"column":79},"end":{"line":172,"column":10}},"skip":true},"13":{"name":"(anonymous_13)","line":180,"loc":{"start":{"line":180,"column":75},"end":{"line":183,"column":10}},"skip":true}},"statementMap":{"1":{"start":{"line":12,"column":0},"end":{"line":195,"column":5}},"2":{"start":{"line":14,"column":4},"end":{"line":14,"column":14}},"3":{"start":{"line":19,"column":4},"end":{"line":56,"column":9}},"4":{"start":{"line":21,"column":8},"end":{"line":21,"column":19}},"5":{"start":{"line":23,"column":8},"end":{"line":35,"column":13}},"6":{"start":{"line":24,"column":12},"end":{"line":34,"column":13}},"7":{"start":{"line":25,"column":16},"end":{"line":28,"column":30}},"8":{"start":{"line":30,"column":16},"end":{"line":33,"column":27}},"9":{"start":{"line":37,"column":8},"end":{"line":39,"column":21}},"10":{"start":{"line":40,"column":8},"end":{"line":53,"column":9}},"11":{"start":{"line":43,"column":12},"end":{"line":46,"column":14}},"12":{"start":{"line":47,"column":12},"end":{"line":47,"column":18}},"13":{"start":{"line":50,"column":12},"end":{"line":51,"column":46}},"14":{"start":{"line":52,"column":12},"end":{"line":52,"column":18}},"15":{"start":{"line":55,"column":8},"end":{"line":55,"column":35}},"16":{"start":{"line":61,"column":4},"end":{"line":63,"column":9}},"17":{"start":{"line":62,"column":8},"end":{"line":62,"column":15}},"18":{"start":{"line":64,"column":4},"end":{"line":77,"column":5}},"19":{"start":{"line":70,"column":8},"end":{"line":70,"column":14}},"20":{"start":{"line":76,"column":8},"end":{"line":76,"column":14}},"21":{"start":{"line":82,"column":4},"end":{"line":84,"column":9}},"22":{"start":{"line":83,"column":8},"end":{"line":83,"column":15}},"23":{"start":{"line":85,"column":4},"end":{"line":194,"column":5}},"24":{"start":{"line":91,"column":8},"end":{"line":99,"column":10}},"25":{"start":{"line":98,"column":12},"end":{"line":98,"column":35}},"26":{"start":{"line":102,"column":8},"end":{"line":104,"column":63}},"27":{"start":{"line":105,"column":8},"end":{"line":105,"column":14}},"28":{"start":{"line":112,"column":8},"end":{"line":121,"column":10},"skip":true},"29":{"start":{"line":119,"column":12},"end":{"line":119,"column":55},"skip":true},"30":{"start":{"line":120,"column":12},"end":{"line":120,"column":48},"skip":true},"31":{"start":{"line":123,"column":8},"end":{"line":136,"column":10},"skip":true},"32":{"start":{"line":130,"column":12},"end":{"line":130,"column":76},"skip":true},"33":{"start":{"line":131,"column":12},"end":{"line":131,"column":73},"skip":true},"34":{"start":{"line":132,"column":12},"end":{"line":132,"column":74},"skip":true},"35":{"start":{"line":133,"column":12},"end":{"line":133,"column":79},"skip":true},"36":{"start":{"line":134,"column":12},"end":{"line":134,"column":25},"skip":true},"37":{"start":{"line":135,"column":12},"end":{"line":135,"column":45},"skip":true},"38":{"start":{"line":138,"column":8},"end":{"line":145,"column":14},"skip":true},"39":{"start":{"line":143,"column":16},"end":{"line":143,"column":29},"skip":true},"40":{"start":{"line":144,"column":16},"end":{"line":144,"column":55},"skip":true},"41":{"start":{"line":147,"column":8},"end":{"line":156,"column":10},"skip":true},"42":{"start":{"line":154,"column":12},"end":{"line":154,"column":25},"skip":true},"43":{"start":{"line":155,"column":12},"end":{"line":155,"column":45},"skip":true},"44":{"start":{"line":158,"column":8},"end":{"line":167,"column":10},"skip":true},"45":{"start":{"line":165,"column":12},"end":{"line":165,"column":25},"skip":true},"46":{"start":{"line":166,"column":12},"end":{"line":166,"column":48},"skip":true},"47":{"start":{"line":169,"column":8},"end":{"line":178,"column":10},"skip":true},"48":{"start":{"line":176,"column":12},"end":{"line":176,"column":25},"skip":true},"49":{"start":{"line":177,"column":12},"end":{"line":177,"column":46},"skip":true},"50":{"start":{"line":180,"column":8},"end":{"line":189,"column":10},"skip":true},"51":{"start":{"line":187,"column":12},"end":{"line":187,"column":94},"skip":true},"52":{"start":{"line":188,"column":12},"end":{"line":188,"column":48},"skip":true},"53":{"start":{"line":192,"column":8},"end":{"line":192,"column":35},"skip":true},"54":{"start":{"line":193,"column":8},"end":{"line":193,"column":14},"skip":true}},"branchMap":{"1":{"line":25,"type":"binary-expr","locations":[{"start":{"line":25,"column":23},"end":{"line":25,"column":62}},{"start":{"line":26,"column":20},"end":{"line":26,"column":70}},{"start":{"line":27,"column":20},"end":{"line":27,"column":71}},{"start":{"line":28,"column":20},"end":{"line":28,"column":29}}]},"2":{"line":30,"type":"binary-expr","locations":[{"start":{"line":30,"column":23},"end":{"line":30,"column":37}},{"start":{"line":31,"column":20},"end":{"line":31,"column":61}},{"start":{"line":32,"column":20},"end":{"line":32,"column":70}},{"start":{"line":33,"column":20},"end":{"line":33,"column":26}}]},"3":{"line":37,"type":"cond-expr","locations":[{"start":{"line":38,"column":14},"end":{"line":38,"column":20}},{"start":{"line":39,"column":14},"end":{"line":39,"column":20}}]},"4":{"line":40,"type":"switch","locations":[{"start":{"line":42,"column":8},"end":{"line":47,"column":18}},{"start":{"line":49,"column":8},"end":{"line":52,"column":18}}]},"5":{"line":44,"type":"binary-expr","locations":[{"start":{"line":44,"column":16},"end":{"line":44,"column":44}},{"start":{"line":44,"column":48},"end":{"line":44,"column":66}}]},"6":{"line":50,"type":"binary-expr","locations":[{"start":{"line":50,"column":21},"end":{"line":50,"column":49}},{"start":{"line":50,"column":53},"end":{"line":50,"column":72}}]},"7":{"line":64,"type":"switch","locations":[{"start":{"line":69,"column":4},"end":{"line":70,"column":14}},{"start":{"line":75,"column":4},"end":{"line":76,"column":14}}]},"8":{"line":85,"type":"switch","locations":[{"start":{"line":90,"column":4},"end":{"line":105,"column":14}},{"start":{"line":111,"column":4},"end":{"line":193,"column":14},"skip":true}]},"9":{"line":91,"type":"binary-expr","locations":[{"start":{"line":91,"column":42},"end":{"line":91,"column":73}},{"start":{"line":91,"column":77},"end":{"line":99,"column":9}}]},"10":{"line":102,"type":"binary-expr","locations":[{"start":{"line":102,"column":18},"end":{"line":102,"column":32}},{"start":{"line":103,"column":12},"end":{"line":103,"column":53}},{"start":{"line":104,"column":12},"end":{"line":104,"column":61}}]},"11":{"line":112,"type":"binary-expr","locations":[{"start":{"line":112,"column":45},"end":{"line":112,"column":79},"skip":true},{"start":{"line":112,"column":83},"end":{"line":121,"column":9},"skip":true}]},"12":{"line":123,"type":"binary-expr","locations":[{"start":{"line":123,"column":42},"end":{"line":123,"column":73},"skip":true},{"start":{"line":123,"column":77},"end":{"line":136,"column":9},"skip":true}]},"13":{"line":138,"type":"binary-expr","locations":[{"start":{"line":138,"column":48},"end":{"line":138,"column":85},"skip":true},{"start":{"line":139,"column":12},"end":{"line":145,"column":13},"skip":true}]},"14":{"line":147,"type":"binary-expr","locations":[{"start":{"line":147,"column":42},"end":{"line":147,"column":73},"skip":true},{"start":{"line":147,"column":77},"end":{"line":156,"column":9},"skip":true}]},"15":{"line":158,"type":"binary-expr","locations":[{"start":{"line":158,"column":45},"end":{"line":158,"column":79},"skip":true},{"start":{"line":158,"column":83},"end":{"line":167,"column":9},"skip":true}]},"16":{"line":169,"type":"binary-expr","locations":[{"start":{"line":169,"column":43},"end":{"line":169,"column":75},"skip":true},{"start":{"line":169,"column":79},"end":{"line":178,"column":9},"skip":true}]},"17":{"line":180,"type":"binary-expr","locations":[{"start":{"line":180,"column":41},"end":{"line":180,"column":71},"skip":true},{"start":{"line":180,"column":75},"end":{"line":189,"column":9},"skip":true}]}},"code":["/* istanbul instrument in package npmtest_node_svm */","/*jslint","    bitwise: true,","    browser: true,","    maxerr: 8,","    maxlen: 96,","    node: true,","    nomen: true,","    regexp: true,","    stupid: true","*/","(function () {","    'use strict';","    var local;","","","","    // run shared js-env code - pre-init","    (function () {","        // init local","        local = {};","        // init modeJs","        local.modeJs = (function () {","            try {","                return typeof navigator.userAgent === 'string' &&","                    typeof document.querySelector('body') === 'object' &&","                    typeof XMLHttpRequest.prototype.open === 'function' &&","                    'browser';","            } catch (errorCaughtBrowser) {","                return module.exports &&","                    typeof process.versions.node === 'string' &&","                    typeof require('http').createServer === 'function' &&","                    'node';","            }","        }());","        // init global","        local.global = local.modeJs === 'browser'","            ? window","            : global;","        switch (local.modeJs) {","        // re-init local from window.local","        case 'browser':","            local = local.global.utility2.objectSetDefault(","                local.global.utility2_rollup || local.global.local,","                local.global.utility2","            );","            break;","        // re-init local from example.js","        case 'node':","            local = (local.global.utility2_rollup || require('utility2'))","                .requireExampleJsFromReadme();","            break;","        }","        // export local","        local.global.local = local;","    }());","","","","    // run shared js-env code - function","    (function () {","        return;","    }());","    switch (local.modeJs) {","","","","    // run browser js-env code - function","    case 'browser':","        break;","","","","    // run node js-env code - function","    case 'node':","        break;","    }","","","","    // run shared js-env code - post-init","    (function () {","        return;","    }());","    switch (local.modeJs) {","","","","    // run browser js-env code - post-init","    case 'browser':","        local.testCase_browser_nullCase = local.testCase_browser_nullCase || function (","            options,","            onError","        ) {","        /*","         * this function will test browsers's null-case handling-behavior-behavior","         */","            onError(null, options);","        };","","        // run tests","        local.nop(local.modeTest &&","            document.querySelector('#testRunButton1') &&","            document.querySelector('#testRunButton1').click());","        break;","","","","    // run node js-env code - post-init","    /* istanbul ignore next */","    case 'node':","        local.testCase_buildApidoc_default = local.testCase_buildApidoc_default || function (","            options,","            onError","        ) {","        /*","         * this function will test buildApidoc's default handling-behavior-behavior","         */","            options = { modulePathList: module.paths };","            local.buildApidoc(options, onError);","        };","","        local.testCase_buildApp_default = local.testCase_buildApp_default || function (","            options,","            onError","        ) {","        /*","         * this function will test buildApp's default handling-behavior-behavior","         */","            local.testCase_buildReadme_default(options, local.onErrorThrow);","            local.testCase_buildLib_default(options, local.onErrorThrow);","            local.testCase_buildTest_default(options, local.onErrorThrow);","            local.testCase_buildCustomOrg_default(options, local.onErrorThrow);","            options = [];","            local.buildApp(options, onError);","        };","","        local.testCase_buildCustomOrg_default = local.testCase_buildCustomOrg_default ||","            function (options, onError) {","            /*","             * this function will test buildCustomOrg's default handling-behavior","             */","                options = {};","                local.buildCustomOrg(options, onError);","            };","","        local.testCase_buildLib_default = local.testCase_buildLib_default || function (","            options,","            onError","        ) {","        /*","         * this function will test buildLib's default handling-behavior","         */","            options = {};","            local.buildLib(options, onError);","        };","","        local.testCase_buildReadme_default = local.testCase_buildReadme_default || function (","            options,","            onError","        ) {","        /*","         * this function will test buildReadme's default handling-behavior-behavior","         */","            options = {};","            local.buildReadme(options, onError);","        };","","        local.testCase_buildTest_default = local.testCase_buildTest_default || function (","            options,","            onError","        ) {","        /*","         * this function will test buildTest's default handling-behavior","         */","            options = {};","            local.buildTest(options, onError);","        };","","        local.testCase_webpage_default = local.testCase_webpage_default || function (","            options,","            onError","        ) {","        /*","         * this function will test webpage's default handling-behavior","         */","            options = { modeCoverageMerge: true, url: local.serverLocalHost + '?modeTest=1' };","            local.browserTest(options, onError);","        };","","        // run test-server","        local.testRunServer(local);","        break;","    }","}());",""],"l":{"12":2,"14":2,"19":2,"21":2,"23":2,"24":2,"25":2,"30":1,"37":2,"40":2,"43":1,"47":1,"50":1,"52":1,"55":2,"61":2,"62":2,"64":2,"70":1,"76":1,"82":2,"83":2,"85":2,"91":1,"98":1,"102":1,"105":1,"112":1,"119":1,"120":1,"123":1,"130":1,"131":1,"132":1,"133":1,"134":1,"135":1,"138":1,"143":2,"144":2,"147":1,"154":2,"155":2,"158":1,"165":2,"166":2,"169":1,"176":2,"177":2,"180":1,"187":1,"188":1,"192":1,"193":1}},"/home/travis/build/npmtest/node-npmtest-node-svm/lib.npmtest_node_svm.js":{"path":"/home/travis/build/npmtest/node-npmtest-node-svm/lib.npmtest_node_svm.js","s":{"1":2,"2":2,"3":2,"4":2,"5":2,"6":2,"7":2,"8":1,"9":2,"10":2,"11":2,"12":2,"13":1,"14":1,"15":1,"16":1},"b":{"1":[2,1,1,1],"2":[1,1,1,1],"3":[1,1],"4":[2,2],"5":[1,1]},"f":{"1":2,"2":2,"3":2},"fnMap":{"1":{"name":"(anonymous_1)","line":12,"loc":{"start":{"line":12,"column":1},"end":{"line":12,"column":13}}},"2":{"name":"(anonymous_2)","line":19,"loc":{"start":{"line":19,"column":5},"end":{"line":19,"column":17}}},"3":{"name":"(anonymous_3)","line":23,"loc":{"start":{"line":23,"column":24},"end":{"line":23,"column":36}}}},"statementMap":{"1":{"start":{"line":12,"column":0},"end":{"line":53,"column":5}},"2":{"start":{"line":14,"column":4},"end":{"line":14,"column":14}},"3":{"start":{"line":19,"column":4},"end":{"line":52,"column":9}},"4":{"start":{"line":21,"column":8},"end":{"line":21,"column":19}},"5":{"start":{"line":23,"column":8},"end":{"line":35,"column":13}},"6":{"start":{"line":24,"column":12},"end":{"line":34,"column":13}},"7":{"start":{"line":25,"column":16},"end":{"line":28,"column":30}},"8":{"start":{"line":30,"column":16},"end":{"line":33,"column":27}},"9":{"start":{"line":37,"column":8},"end":{"line":39,"column":21}},"10":{"start":{"line":41,"column":8},"end":{"line":41,"column":54}},"11":{"start":{"line":43,"column":8},"end":{"line":43,"column":53}},"12":{"start":{"line":45,"column":8},"end":{"line":51,"column":9}},"13":{"start":{"line":46,"column":12},"end":{"line":46,"column":59}},"14":{"start":{"line":48,"column":12},"end":{"line":48,"column":35}},"15":{"start":{"line":49,"column":12},"end":{"line":49,"column":49}},"16":{"start":{"line":50,"column":12},"end":{"line":50,"column":43}}},"branchMap":{"1":{"line":25,"type":"binary-expr","locations":[{"start":{"line":25,"column":23},"end":{"line":25,"column":62}},{"start":{"line":26,"column":20},"end":{"line":26,"column":70}},{"start":{"line":27,"column":20},"end":{"line":27,"column":71}},{"start":{"line":28,"column":20},"end":{"line":28,"column":29}}]},"2":{"line":30,"type":"binary-expr","locations":[{"start":{"line":30,"column":23},"end":{"line":30,"column":37}},{"start":{"line":31,"column":20},"end":{"line":31,"column":61}},{"start":{"line":32,"column":20},"end":{"line":32,"column":70}},{"start":{"line":33,"column":20},"end":{"line":33,"column":26}}]},"3":{"line":37,"type":"cond-expr","locations":[{"start":{"line":38,"column":14},"end":{"line":38,"column":20}},{"start":{"line":39,"column":14},"end":{"line":39,"column":20}}]},"4":{"line":41,"type":"binary-expr","locations":[{"start":{"line":41,"column":16},"end":{"line":41,"column":44}},{"start":{"line":41,"column":48},"end":{"line":41,"column":53}}]},"5":{"line":45,"type":"if","locations":[{"start":{"line":45,"column":8},"end":{"line":45,"column":8}},{"start":{"line":45,"column":8},"end":{"line":45,"column":8}}]}},"code":["/* istanbul instrument in package npmtest_node_svm */","/*jslint","    bitwise: true,","    browser: true,","    maxerr: 8,","    maxlen: 96,","    node: true,","    nomen: true,","    regexp: true,","    stupid: true","*/","(function () {","    'use strict';","    var local;","","","","    // run shared js-env code - pre-init","    (function () {","        // init local","        local = {};","        // init modeJs","        local.modeJs = (function () {","            try {","                return typeof navigator.userAgent === 'string' &&","                    typeof document.querySelector('body') === 'object' &&","                    typeof XMLHttpRequest.prototype.open === 'function' &&","                    'browser';","            } catch (errorCaughtBrowser) {","                return module.exports &&","                    typeof process.versions.node === 'string' &&","                    typeof require('http').createServer === 'function' &&","                    'node';","            }","        }());","        // init global","        local.global = local.modeJs === 'browser'","            ? window","            : global;","        // init utility2_rollup","        local = local.global.utility2_rollup || local;","        // init lib","        local.local = local.npmtest_node_svm = local;","        // init exports","        if (local.modeJs === 'browser') {","            local.global.utility2_npmtest_node_svm = local;","        } else {","            module.exports = local;","            module.exports.__dirname = __dirname;","            module.exports.module = module;","        }","    }());","}());",""],"l":{"12":2,"14":2,"19":2,"21":2,"23":2,"24":2,"25":2,"30":1,"37":2,"41":2,"43":2,"45":2,"46":1,"48":1,"49":1,"50":1}},"/home/travis/build/npmtest/node-npmtest-node-svm/example.js":{"path":"/home/travis/build/npmtest/node-npmtest-node-svm/example.js","s":{"1":2,"2":2,"3":2,"4":2,"5":2,"6":2,"7":2,"8":1,"9":2,"10":2,"11":2,"12":2,"13":1,"14":2,"15":2,"16":2,"17":2,"18":2,"19":0,"20":2,"21":1,"22":1,"23":1,"24":1,"25":1,"26":0,"27":0,"28":1,"29":1,"30":2,"31":0,"32":0,"33":0,"34":1,"35":2,"36":2,"37":3,"38":3,"39":3,"40":3,"41":0,"42":3,"43":3,"44":3,"45":1,"46":3,"47":1,"48":1,"49":1,"50":1,"51":1,"52":1,"53":1,"54":1,"55":1,"56":1,"57":0,"58":1,"59":6,"60":6,"61":1,"62":2,"63":0,"64":2,"65":1,"66":1,"67":0,"68":0,"69":0,"70":0,"71":0,"72":0,"73":0,"74":0,"75":0,"76":0,"77":0,"78":0,"79":0,"80":0,"81":0,"82":0,"83":0},"b":{"1":[2,1,1,1],"2":[1,1,1,1],"3":[1,1],"4":[2,2],"5":[1,1],"6":[1,1],"7":[2,0],"8":[2,1,1,1,1,1],"9":[0,2,0],"10":[1,1],"11":[2,1,1],"12":[1,0],"13":[0,2],"14":[2,0,0,0,0,0,0],"15":[0,3],"16":[3,0],"17":[1,1],"18":[0,1],"19":[1,2,0,2],"20":[1,0],"21":[1,1],"22":[0,0],"23":[0,0],"24":[0,0],"25":[0,0],"26":[0,0],"27":[0,0],"28":[0,0]},"f":{"1":2,"2":2,"3":2,"4":2,"5":2,"6":2,"7":3,"8":3,"9":3,"10":1,"11":6,"12":0},"fnMap":{"1":{"name":"(anonymous_1)","line":26,"loc":{"start":{"line":26,"column":1},"end":{"line":26,"column":13}}},"2":{"name":"(anonymous_2)","line":33,"loc":{"start":{"line":33,"column":5},"end":{"line":33,"column":17}}},"3":{"name":"(anonymous_3)","line":37,"loc":{"start":{"line":37,"column":24},"end":{"line":37,"column":36}}},"4":{"name":"(anonymous_4)","line":69,"loc":{"start":{"line":69,"column":31},"end":{"line":69,"column":48}},"skip":true},"5":{"name":"(anonymous_5)","line":78,"loc":{"start":{"line":78,"column":26},"end":{"line":78,"column":45}},"skip":true},"6":{"name":"(anonymous_6)","line":123,"loc":{"start":{"line":123,"column":33},"end":{"line":123,"column":48}},"skip":true},"7":{"name":"(anonymous_7)","line":125,"loc":{"start":{"line":125,"column":27},"end":{"line":125,"column":39}},"skip":true},"8":{"name":"(anonymous_8)","line":133,"loc":{"start":{"line":133,"column":59},"end":{"line":133,"column":74}},"skip":true},"9":{"name":"(anonymous_9)","line":143,"loc":{"start":{"line":143,"column":45},"end":{"line":143,"column":62}},"skip":true},"10":{"name":"(anonymous_10)","line":144,"loc":{"start":{"line":144,"column":73},"end":{"line":144,"column":92}},"skip":true},"11":{"name":"(anonymous_11)","line":272,"loc":{"start":{"line":272,"column":51},"end":{"line":272,"column":77}},"skip":true},"12":{"name":"(anonymous_12)","line":315,"loc":{"start":{"line":315,"column":32},"end":{"line":315,"column":61}},"skip":true}},"statementMap":{"1":{"start":{"line":26,"column":0},"end":{"line":326,"column":5}},"2":{"start":{"line":28,"column":4},"end":{"line":28,"column":14}},"3":{"start":{"line":33,"column":4},"end":{"line":60,"column":9}},"4":{"start":{"line":35,"column":8},"end":{"line":35,"column":19}},"5":{"start":{"line":37,"column":8},"end":{"line":49,"column":13}},"6":{"start":{"line":38,"column":12},"end":{"line":48,"column":13}},"7":{"start":{"line":39,"column":16},"end":{"line":42,"column":30}},"8":{"start":{"line":44,"column":16},"end":{"line":47,"column":27}},"9":{"start":{"line":51,"column":8},"end":{"line":53,"column":21}},"10":{"start":{"line":55,"column":8},"end":{"line":57,"column":45}},"11":{"start":{"line":59,"column":8},"end":{"line":59,"column":35}},"12":{"start":{"line":61,"column":4},"end":{"line":325,"column":5}},"13":{"start":{"line":69,"column":8},"end":{"line":121,"column":10},"skip":true},"14":{"start":{"line":70,"column":12},"end":{"line":88,"column":13},"skip":true},"15":{"start":{"line":76,"column":16},"end":{"line":87,"column":19},"skip":true},"16":{"start":{"line":79,"column":20},"end":{"line":86,"column":21},"skip":true},"17":{"start":{"line":82,"column":24},"end":{"line":82,"column":43},"skip":true},"18":{"start":{"line":83,"column":24},"end":{"line":83,"column":30},"skip":true},"19":{"start":{"line":85,"column":24},"end":{"line":85,"column":49},"skip":true},"20":{"start":{"line":89,"column":12},"end":{"line":107,"column":13},"skip":true},"21":{"start":{"line":92,"column":16},"end":{"line":102,"column":17},"skip":true},"22":{"start":{"line":93,"column":20},"end":{"line":93,"column":86},"skip":true},"23":{"start":{"line":94,"column":20},"end":{"line":95,"column":45},"skip":true},"24":{"start":{"line":96,"column":20},"end":{"line":96,"column":42},"skip":true},"25":{"start":{"line":97,"column":20},"end":{"line":97,"column":48},"skip":true},"26":{"start":{"line":100,"column":20},"end":{"line":100,"column":85},"skip":true},"27":{"start":{"line":101,"column":20},"end":{"line":101,"column":96},"skip":true},"28":{"start":{"line":103,"column":16},"end":{"line":103,"column":22},"skip":true},"29":{"start":{"line":106,"column":16},"end":{"line":106,"column":22},"skip":true},"30":{"start":{"line":108,"column":12},"end":{"line":120,"column":13},"skip":true},"31":{"start":{"line":114,"column":16},"end":{"line":119,"column":17},"skip":true},"32":{"start":{"line":116,"column":20},"end":{"line":116,"column":78},"skip":true},"33":{"start":{"line":118,"column":20},"end":{"line":118,"column":47},"skip":true},"34":{"start":{"line":123,"column":8},"end":{"line":141,"column":11},"skip":true},"35":{"start":{"line":124,"column":12},"end":{"line":124,"column":54},"skip":true},"36":{"start":{"line":125,"column":12},"end":{"line":140,"column":14},"skip":true},"37":{"start":{"line":126,"column":16},"end":{"line":126,"column":28},"skip":true},"38":{"start":{"line":127,"column":16},"end":{"line":127,"column":69},"skip":true},"39":{"start":{"line":128,"column":16},"end":{"line":128,"column":75},"skip":true},"40":{"start":{"line":129,"column":16},"end":{"line":131,"column":17},"skip":true},"41":{"start":{"line":130,"column":20},"end":{"line":130,"column":27},"skip":true},"42":{"start":{"line":133,"column":16},"end":{"line":137,"column":36},"skip":true},"43":{"start":{"line":134,"column":20},"end":{"line":136,"column":55},"skip":true},"44":{"start":{"line":139,"column":16},"end":{"line":139,"column":57},"skip":true},"45":{"start":{"line":143,"column":8},"end":{"line":147,"column":11},"skip":true},"46":{"start":{"line":144,"column":12},"end":{"line":146,"column":15},"skip":true},"47":{"start":{"line":145,"column":16},"end":{"line":145,"column":70},"skip":true},"48":{"start":{"line":149,"column":8},"end":{"line":149,"column":31},"skip":true},"49":{"start":{"line":150,"column":8},"end":{"line":150,"column":14},"skip":true},"50":{"start":{"line":158,"column":8},"end":{"line":158,"column":31},"skip":true},"51":{"start":{"line":160,"column":8},"end":{"line":160,"column":33},"skip":true},"52":{"start":{"line":161,"column":8},"end":{"line":161,"column":37},"skip":true},"53":{"start":{"line":162,"column":8},"end":{"line":162,"column":35},"skip":true},"54":{"start":{"line":164,"column":8},"end":{"line":164,"column":50},"skip":true},"55":{"start":{"line":166,"column":8},"end":{"line":256,"column":2},"skip":true},"56":{"start":{"line":258,"column":8},"end":{"line":286,"column":9},"skip":true},"57":{"start":{"line":259,"column":12},"end":{"line":269,"column":14},"skip":true},"58":{"start":{"line":271,"column":12},"end":{"line":285,"column":19},"skip":true},"59":{"start":{"line":274,"column":20},"end":{"line":274,"column":35},"skip":true},"60":{"start":{"line":275,"column":20},"end":{"line":284,"column":21},"skip":true},"61":{"start":{"line":277,"column":24},"end":{"line":277,"column":64},"skip":true},"62":{"start":{"line":279,"column":24},"end":{"line":279,"column":40},"skip":true},"63":{"start":{"line":281,"column":24},"end":{"line":281,"column":40},"skip":true},"64":{"start":{"line":283,"column":24},"end":{"line":283,"column":39},"skip":true},"65":{"start":{"line":288,"column":8},"end":{"line":290,"column":9},"skip":true},"66":{"start":{"line":289,"column":12},"end":{"line":289,"column":18},"skip":true},"67":{"start":{"line":291,"column":8},"end":{"line":293,"column":54},"skip":true},"68":{"start":{"line":296,"column":8},"end":{"line":301,"column":37},"skip":true},"69":{"start":{"line":303,"column":8},"end":{"line":303,"column":82},"skip":true},"70":{"start":{"line":306,"column":8},"end":{"line":308,"column":9},"skip":true},"71":{"start":{"line":307,"column":12},"end":{"line":307,"column":82},"skip":true},"72":{"start":{"line":310,"column":8},"end":{"line":312,"column":9},"skip":true},"73":{"start":{"line":311,"column":12},"end":{"line":311,"column":18},"skip":true},"74":{"start":{"line":313,"column":8},"end":{"line":313,"column":54},"skip":true},"75":{"start":{"line":314,"column":8},"end":{"line":314,"column":69},"skip":true},"76":{"start":{"line":315,"column":8},"end":{"line":323,"column":36},"skip":true},"77":{"start":{"line":316,"column":12},"end":{"line":316,"column":61},"skip":true},"78":{"start":{"line":317,"column":12},"end":{"line":320,"column":13},"skip":true},"79":{"start":{"line":318,"column":16},"end":{"line":318,"column":75},"skip":true},"80":{"start":{"line":319,"column":16},"end":{"line":319,"column":23},"skip":true},"81":{"start":{"line":321,"column":12},"end":{"line":321,"column":38},"skip":true},"82":{"start":{"line":322,"column":12},"end":{"line":322,"column":27},"skip":true},"83":{"start":{"line":324,"column":8},"end":{"line":324,"column":14},"skip":true}},"branchMap":{"1":{"line":39,"type":"binary-expr","locations":[{"start":{"line":39,"column":23},"end":{"line":39,"column":62}},{"start":{"line":40,"column":20},"end":{"line":40,"column":70}},{"start":{"line":41,"column":20},"end":{"line":41,"column":71}},{"start":{"line":42,"column":20},"end":{"line":42,"column":29}}]},"2":{"line":44,"type":"binary-expr","locations":[{"start":{"line":44,"column":23},"end":{"line":44,"column":37}},{"start":{"line":45,"column":20},"end":{"line":45,"column":61}},{"start":{"line":46,"column":20},"end":{"line":46,"column":70}},{"start":{"line":47,"column":20},"end":{"line":47,"column":26}}]},"3":{"line":51,"type":"cond-expr","locations":[{"start":{"line":52,"column":14},"end":{"line":52,"column":20}},{"start":{"line":53,"column":14},"end":{"line":53,"column":20}}]},"4":{"line":55,"type":"binary-expr","locations":[{"start":{"line":55,"column":16},"end":{"line":55,"column":44}},{"start":{"line":55,"column":49},"end":{"line":57,"column":43}}]},"5":{"line":55,"type":"cond-expr","locations":[{"start":{"line":56,"column":14},"end":{"line":56,"column":52}},{"start":{"line":57,"column":14},"end":{"line":57,"column":43}}]},"6":{"line":61,"type":"switch","locations":[{"start":{"line":68,"column":4},"end":{"line":150,"column":14},"skip":true},{"start":{"line":156,"column":4},"end":{"line":324,"column":14},"skip":true}]},"7":{"line":70,"type":"if","locations":[{"start":{"line":70,"column":12},"end":{"line":70,"column":12},"skip":true},{"start":{"line":70,"column":12},"end":{"line":70,"column":12},"skip":true}]},"8":{"line":70,"type":"binary-expr","locations":[{"start":{"line":70,"column":16},"end":{"line":70,"column":22},"skip":true},{"start":{"line":70,"column":27},"end":{"line":70,"column":32},"skip":true},{"start":{"line":71,"column":20},"end":{"line":71,"column":39},"skip":true},{"start":{"line":72,"column":20},"end":{"line":72,"column":49},"skip":true},{"start":{"line":73,"column":20},"end":{"line":73,"column":58},"skip":true},{"start":{"line":74,"column":20},"end":{"line":74,"column":69},"skip":true}]},"9":{"line":79,"type":"switch","locations":[{"start":{"line":80,"column":20},"end":{"line":80,"column":33},"skip":true},{"start":{"line":81,"column":20},"end":{"line":83,"column":30},"skip":true},{"start":{"line":84,"column":20},"end":{"line":85,"column":49},"skip":true}]},"10":{"line":89,"type":"switch","locations":[{"start":{"line":90,"column":12},"end":{"line":103,"column":22},"skip":true},{"start":{"line":105,"column":12},"end":{"line":106,"column":22},"skip":true}]},"11":{"line":89,"type":"binary-expr","locations":[{"start":{"line":89,"column":20},"end":{"line":89,"column":25},"skip":true},{"start":{"line":89,"column":29},"end":{"line":89,"column":48},"skip":true},{"start":{"line":89,"column":52},"end":{"line":89,"column":74},"skip":true}]},"12":{"line":92,"type":"if","locations":[{"start":{"line":92,"column":16},"end":{"line":92,"column":16},"skip":true},{"start":{"line":92,"column":16},"end":{"line":92,"column":16},"skip":true}]},"13":{"line":108,"type":"if","locations":[{"start":{"line":108,"column":12},"end":{"line":108,"column":12},"skip":true},{"start":{"line":108,"column":12},"end":{"line":108,"column":12},"skip":true}]},"14":{"line":108,"type":"binary-expr","locations":[{"start":{"line":108,"column":16},"end":{"line":108,"column":61},"skip":true},{"start":{"line":108,"column":66},"end":{"line":108,"column":72},"skip":true},{"start":{"line":108,"column":77},"end":{"line":108,"column":82},"skip":true},{"start":{"line":109,"column":20},"end":{"line":109,"column":39},"skip":true},{"start":{"line":110,"column":20},"end":{"line":110,"column":49},"skip":true},{"start":{"line":111,"column":20},"end":{"line":111,"column":58},"skip":true},{"start":{"line":112,"column":20},"end":{"line":112,"column":68},"skip":true}]},"15":{"line":129,"type":"if","locations":[{"start":{"line":129,"column":16},"end":{"line":129,"column":16},"skip":true},{"start":{"line":129,"column":16},"end":{"line":129,"column":16},"skip":true}]},"16":{"line":134,"type":"cond-expr","locations":[{"start":{"line":135,"column":26},"end":{"line":135,"column":29},"skip":true},{"start":{"line":136,"column":26},"end":{"line":136,"column":54},"skip":true}]},"17":{"line":164,"type":"binary-expr","locations":[{"start":{"line":164,"column":27},"end":{"line":164,"column":43},"skip":true},{"start":{"line":164,"column":47},"end":{"line":164,"column":49},"skip":true}]},"18":{"line":258,"type":"if","locations":[{"start":{"line":258,"column":8},"end":{"line":258,"column":8},"skip":true},{"start":{"line":258,"column":8},"end":{"line":258,"column":8},"skip":true}]},"19":{"line":275,"type":"switch","locations":[{"start":{"line":276,"column":20},"end":{"line":277,"column":64},"skip":true},{"start":{"line":278,"column":20},"end":{"line":279,"column":40},"skip":true},{"start":{"line":280,"column":20},"end":{"line":281,"column":40},"skip":true},{"start":{"line":282,"column":20},"end":{"line":283,"column":39},"skip":true}]},"20":{"line":288,"type":"if","locations":[{"start":{"line":288,"column":8},"end":{"line":288,"column":8},"skip":true},{"start":{"line":288,"column":8},"end":{"line":288,"column":8},"skip":true}]},"21":{"line":288,"type":"binary-expr","locations":[{"start":{"line":288,"column":12},"end":{"line":288,"column":40},"skip":true},{"start":{"line":288,"column":44},"end":{"line":288,"column":67},"skip":true}]},"22":{"line":292,"type":"binary-expr","locations":[{"start":{"line":292,"column":12},"end":{"line":292,"column":50},"skip":true},{"start":{"line":293,"column":12},"end":{"line":293,"column":53},"skip":true}]},"23":{"line":297,"type":"binary-expr","locations":[{"start":{"line":297,"column":12},"end":{"line":297,"column":66},"skip":true},{"start":{"line":298,"column":12},"end":{"line":301,"column":36},"skip":true}]},"24":{"line":303,"type":"binary-expr","locations":[{"start":{"line":303,"column":43},"end":{"line":303,"column":75},"skip":true},{"start":{"line":303,"column":79},"end":{"line":303,"column":81},"skip":true}]},"25":{"line":306,"type":"if","locations":[{"start":{"line":306,"column":8},"end":{"line":306,"column":8},"skip":true},{"start":{"line":306,"column":8},"end":{"line":306,"column":8},"skip":true}]},"26":{"line":310,"type":"if","locations":[{"start":{"line":310,"column":8},"end":{"line":310,"column":8},"skip":true},{"start":{"line":310,"column":8},"end":{"line":310,"column":8},"skip":true}]},"27":{"line":313,"type":"binary-expr","locations":[{"start":{"line":313,"column":27},"end":{"line":313,"column":43},"skip":true},{"start":{"line":313,"column":47},"end":{"line":313,"column":53},"skip":true}]},"28":{"line":317,"type":"if","locations":[{"start":{"line":317,"column":12},"end":{"line":317,"column":12},"skip":true},{"start":{"line":317,"column":12},"end":{"line":317,"column":12},"skip":true}]}},"code":["/*","example.js","","quickstart example","","instruction","    1. save this script as example.js","    2. run the shell command:","        $ npm install npmtest-node-svm && PORT=8081 node example.js","    3. play with the browser-demo on http://127.0.0.1:8081","*/","","","","/* istanbul instrument in package npmtest_node_svm */","/*jslint","    bitwise: true,","    browser: true,","    maxerr: 8,","    maxlen: 96,","    node: true,","    nomen: true,","    regexp: true,","    stupid: true","*/","(function () {","    'use strict';","    var local;","","","","    // run shared js-env code - pre-init","    (function () {","        // init local","        local = {};","        // init modeJs","        local.modeJs = (function () {","            try {","                return typeof navigator.userAgent === 'string' &&","                    typeof document.querySelector('body') === 'object' &&","                    typeof XMLHttpRequest.prototype.open === 'function' &&","                    'browser';","            } catch (errorCaughtBrowser) {","                return module.exports &&","                    typeof process.versions.node === 'string' &&","                    typeof require('http').createServer === 'function' &&","                    'node';","            }","        }());","        // init global","        local.global = local.modeJs === 'browser'","            ? window","            : global;","        // init utility2_rollup","        local = local.global.utility2_rollup || (local.modeJs === 'browser'","            ? local.global.utility2_npmtest_node_svm","            : global.utility2_moduleExports);","        // export local","        local.global.local = local;","    }());","    switch (local.modeJs) {","","","","    // post-init","    // run browser js-env code - post-init","    /* istanbul ignore next */","    case 'browser':","        local.testRunBrowser = function (event) {","            if (!event || (event &&","                    event.currentTarget &&","                    event.currentTarget.className &&","                    event.currentTarget.className.includes &&","                    event.currentTarget.className.includes('onreset'))) {","                // reset output","                Array.from(","                    document.querySelectorAll('body > .resettable')","                ).forEach(function (element) {","                    switch (element.tagName) {","                    case 'INPUT':","                    case 'TEXTAREA':","                        element.value = '';","                        break;","                    default:","                        element.textContent = '';","                    }","                });","            }","            switch (event && event.currentTarget && event.currentTarget.id) {","            case 'testRunButton1':","                // show tests","                if (document.querySelector('#testReportDiv1').style.display === 'none') {","                    document.querySelector('#testReportDiv1').style.display = 'block';","                    document.querySelector('#testRunButton1').textContent =","                        'hide internal test';","                    local.modeTest = true;","                    local.testRunDefault(local);","                // hide tests","                } else {","                    document.querySelector('#testReportDiv1').style.display = 'none';","                    document.querySelector('#testRunButton1').textContent = 'run internal test';","                }","                break;","            // custom-case","            default:","                break;","            }","            if (document.querySelector('#inputTextareaEval1') && (!event || (event &&","                    event.currentTarget &&","                    event.currentTarget.className &&","                    event.currentTarget.className.includes &&","                    event.currentTarget.className.includes('oneval')))) {","                // try to eval input-code","                try {","                    /*jslint evil: true*/","                    eval(document.querySelector('#inputTextareaEval1').value);","                } catch (errorCaught) {","                    console.error(errorCaught);","                }","            }","        };","        // log stderr and stdout to #outputTextareaStdout1","        ['error', 'log'].forEach(function (key) {","            console[key + '_original'] = console[key];","            console[key] = function () {","                var element;","                console[key + '_original'].apply(console, arguments);","                element = document.querySelector('#outputTextareaStdout1');","                if (!element) {","                    return;","                }","                // append text to #outputTextareaStdout1","                element.value += Array.from(arguments).map(function (arg) {","                    return typeof arg === 'string'","                        ? arg","                        : JSON.stringify(arg, null, 4);","                }).join(' ') + '\\n';","                // scroll textarea to bottom","                element.scrollTop = element.scrollHeight;","            };","        });","        // init event-handling","        ['change', 'click', 'keyup'].forEach(function (event) {","            Array.from(document.querySelectorAll('.on' + event)).forEach(function (element) {","                element.addEventListener(event, local.testRunBrowser);","            });","        });","        // run tests","        local.testRunBrowser();","        break;","","","","    // run node js-env code - post-init","    /* istanbul ignore next */","    case 'node':","        // export local","        module.exports = local;","        // require modules","        local.fs = require('fs');","        local.http = require('http');","        local.url = require('url');","        // init assets","        local.assetsDict = local.assetsDict || {};","        /* jslint-ignore-begin */","        local.assetsDict['/assets.index.template.html'] = '\\","<!doctype html>\\n\\","<html lang=\"en\">\\n\\","<head>\\n\\","<meta charset=\"UTF-8\">\\n\\","<meta name=\"viewport\" content=\"width=device-width, initial-scale=1\">\\n\\","<title>{{env.npm_package_name}} (v{{env.npm_package_version}})</title>\\n\\","<style>\\n\\","/*csslint\\n\\","    box-sizing: false,\\n\\","    universal-selector: false\\n\\","*/\\n\\","* {\\n\\","    box-sizing: border-box;\\n\\","}\\n\\","body {\\n\\","    background: #dde;\\n\\","    font-family: Arial, Helvetica, sans-serif;\\n\\","    margin: 2rem;\\n\\","}\\n\\","body > * {\\n\\","    margin-bottom: 1rem;\\n\\","}\\n\\",".utility2FooterDiv {\\n\\","    margin-top: 20px;\\n\\","    text-align: center;\\n\\","}\\n\\","</style>\\n\\","<style>\\n\\","/*csslint\\n\\","*/\\n\\","textarea {\\n\\","    font-family: monospace;\\n\\","    height: 10rem;\\n\\","    width: 100%;\\n\\","}\\n\\","textarea[readonly] {\\n\\","    background: #ddd;\\n\\","}\\n\\","</style>\\n\\","</head>\\n\\","<body>\\n\\","<!-- utility2-comment\\n\\","<div id=\"ajaxProgressDiv1\" style=\"background: #d00; height: 2px; left: 0; margin: 0; padding: 0; position: fixed; top: 0; transition: background 0.5s, width 1.5s; width: 25%;\"></div>\\n\\","utility2-comment -->\\n\\","<h1>\\n\\","<!-- utility2-comment\\n\\","    <a\\n\\","        {{#if env.npm_package_homepage}}\\n\\","        href=\"{{env.npm_package_homepage}}\"\\n\\","        {{/if env.npm_package_homepage}}\\n\\","        target=\"_blank\"\\n\\","    >\\n\\","utility2-comment -->\\n\\","        {{env.npm_package_name}} (v{{env.npm_package_version}})\\n\\","<!-- utility2-comment\\n\\","    </a>\\n\\","utility2-comment -->\\n\\","</h1>\\n\\","<h3>{{env.npm_package_description}}</h3>\\n\\","<!-- utility2-comment\\n\\","<h4><a download href=\"assets.app.js\">download standalone app</a></h4>\\n\\","<button class=\"onclick onreset\" id=\"testRunButton1\">run internal test</button><br>\\n\\","<div id=\"testReportDiv1\" style=\"display: none;\"></div>\\n\\","utility2-comment -->\\n\\","\\n\\","\\n\\","\\n\\","<label>stderr and stdout</label>\\n\\","<textarea class=\"resettable\" id=\"outputTextareaStdout1\" readonly></textarea>\\n\\","<!-- utility2-comment\\n\\","{{#if isRollup}}\\n\\","<script src=\"assets.app.js\"></script>\\n\\","{{#unless isRollup}}\\n\\","utility2-comment -->\\n\\","<script src=\"assets.utility2.rollup.js\"></script>\\n\\","<script src=\"jsonp.utility2._stateInit?callback=window.utility2._stateInit\"></script>\\n\\","<script src=\"assets.npmtest_node_svm.rollup.js\"></script>\\n\\","<script src=\"assets.example.js\"></script>\\n\\","<script src=\"assets.test.js\"></script>\\n\\","<!-- utility2-comment\\n\\","{{/if isRollup}}\\n\\","utility2-comment -->\\n\\","<div class=\"utility2FooterDiv\">\\n\\","    [ this app was created with\\n\\","    <a href=\"https://github.com/kaizhu256/node-utility2\" target=\"_blank\">utility2</a>\\n\\","    ]\\n\\","</div>\\n\\","</body>\\n\\","</html>\\n\\","';","        /* jslint-ignore-end */","        if (local.templateRender) {","            local.assetsDict['/'] = local.templateRender(","                local.assetsDict['/assets.index.template.html'],","                {","                    env: local.objectSetDefault(local.env, {","                        npm_package_description: 'the greatest app in the world!',","                        npm_package_name: 'my-app',","                        npm_package_nameAlias: 'my_app',","                        npm_package_version: '0.0.1'","                    })","                }","            );","        } else {","            local.assetsDict['/'] = local.assetsDict['/assets.index.template.html']","                .replace((/\\{\\{env\\.(\\w+?)\\}\\}/g), function (match0, match1) {","                    // jslint-hack","                    String(match0);","                    switch (match1) {","                    case 'npm_package_description':","                        return 'the greatest app in the world!';","                    case 'npm_package_name':","                        return 'my-app';","                    case 'npm_package_nameAlias':","                        return 'my_app';","                    case 'npm_package_version':","                        return '0.0.1';","                    }","                });","        }","        // run the cli","        if (local.global.utility2_rollup || module !== require.main) {","            break;","        }","        local.assetsDict['/assets.example.js'] =","            local.assetsDict['/assets.example.js'] ||","            local.fs.readFileSync(__filename, 'utf8');","        // bug-workaround - long $npm_package_buildCustomOrg","        /* jslint-ignore-begin */","        local.assetsDict['/assets.npmtest_node_svm.rollup.js'] =","            local.assetsDict['/assets.npmtest_node_svm.rollup.js'] ||","            local.fs.readFileSync(","                local.npmtest_node_svm.__dirname + '/lib.npmtest_node_svm.js',","                'utf8'","            ).replace((/^#!/), '//');","        /* jslint-ignore-end */","        local.assetsDict['/favicon.ico'] = local.assetsDict['/favicon.ico'] || '';","        // if $npm_config_timeout_exit exists,","        // then exit this process after $npm_config_timeout_exit ms","        if (Number(process.env.npm_config_timeout_exit)) {","            setTimeout(process.exit, Number(process.env.npm_config_timeout_exit));","        }","        // start server","        if (local.global.utility2_serverHttp1) {","            break;","        }","        process.env.PORT = process.env.PORT || '8081';","        console.error('server starting on port ' + process.env.PORT);","        local.http.createServer(function (request, response) {","            request.urlParsed = local.url.parse(request.url);","            if (local.assetsDict[request.urlParsed.pathname] !== undefined) {","                response.end(local.assetsDict[request.urlParsed.pathname]);","                return;","            }","            response.statusCode = 404;","            response.end();","        }).listen(process.env.PORT);","        break;","    }","}());",""],"l":{"26":2,"28":2,"33":2,"35":2,"37":2,"38":2,"39":2,"44":1,"51":2,"55":2,"59":2,"61":2,"69":1,"70":2,"76":2,"79":2,"82":2,"83":2,"85":1,"89":2,"92":1,"93":1,"94":1,"96":1,"97":1,"100":1,"101":1,"103":1,"106":1,"108":2,"114":1,"116":1,"118":1,"123":1,"124":2,"125":2,"126":3,"127":3,"128":3,"129":3,"130":1,"133":3,"134":3,"139":3,"143":1,"144":3,"145":1,"149":1,"150":1,"158":1,"160":1,"161":1,"162":1,"164":1,"166":1,"258":1,"259":1,"271":1,"274":6,"275":6,"277":1,"279":2,"281":1,"283":2,"288":1,"289":1,"291":1,"296":1,"303":1,"306":1,"307":1,"310":1,"311":1,"313":1,"314":1,"315":1,"316":1,"317":1,"318":1,"319":1,"321":1,"322":1,"324":1}},"/home/travis/build/npmtest/node-npmtest-node-svm/node_modules/node-svm/lib/index.js":{"path":"/home/travis/build/npmtest/node-npmtest-node-svm/node_modules/node-svm/lib/index.js","s":{"1":1,"2":1,"3":1,"4":1,"5":1,"6":1,"7":1,"8":0,"9":0,"10":0,"11":1,"12":1,"13":0,"14":0,"15":0,"16":1,"17":1,"18":0,"19":0,"20":0,"21":1,"22":1,"23":0,"24":0,"25":0,"26":1,"27":1,"28":0,"29":0,"30":0,"31":1,"32":1,"33":0,"34":0,"35":1},"b":{"1":[0,0],"2":[0,0],"3":[0,0],"4":[0,0],"5":[0,0]},"f":{"1":0,"2":0,"3":0,"4":0,"5":0,"6":0},"fnMap":{"1":{"name":"CSVC","line":11,"loc":{"start":{"line":11,"column":0},"end":{"line":11,"column":29}}},"2":{"name":"NuSVC","line":18,"loc":{"start":{"line":18,"column":0},"end":{"line":18,"column":30}}},"3":{"name":"EpsilonSVR","line":25,"loc":{"start":{"line":25,"column":0},"end":{"line":25,"column":35}}},"4":{"name":"NuSVR","line":32,"loc":{"start":{"line":32,"column":0},"end":{"line":32,"column":30}}},"5":{"name":"OneClassSVM","line":39,"loc":{"start":{"line":39,"column":0},"end":{"line":39,"column":36}}},"6":{"name":"restore","line":46,"loc":{"start":{"line":46,"column":0},"end":{"line":46,"column":24}}}},"statementMap":{"1":{"start":{"line":3,"column":0},"end":{"line":3,"column":27}},"2":{"start":{"line":4,"column":0},"end":{"line":4,"column":43}},"3":{"start":{"line":5,"column":0},"end":{"line":5,"column":49}},"4":{"start":{"line":6,"column":0},"end":{"line":6,"column":45}},"5":{"start":{"line":8,"column":0},"end":{"line":8,"column":32}},"6":{"start":{"line":9,"column":0},"end":{"line":9,"column":49}},"7":{"start":{"line":11,"column":0},"end":{"line":15,"column":1}},"8":{"start":{"line":12,"column":4},"end":{"line":12,"column":26}},"9":{"start":{"line":13,"column":4},"end":{"line":13,"column":36}},"10":{"start":{"line":14,"column":4},"end":{"line":14,"column":34}},"11":{"start":{"line":16,"column":0},"end":{"line":16,"column":25}},"12":{"start":{"line":18,"column":0},"end":{"line":22,"column":1}},"13":{"start":{"line":19,"column":4},"end":{"line":19,"column":26}},"14":{"start":{"line":20,"column":4},"end":{"line":20,"column":37}},"15":{"start":{"line":21,"column":4},"end":{"line":21,"column":34}},"16":{"start":{"line":23,"column":0},"end":{"line":23,"column":26}},"17":{"start":{"line":25,"column":0},"end":{"line":29,"column":1}},"18":{"start":{"line":26,"column":4},"end":{"line":26,"column":26}},"19":{"start":{"line":27,"column":4},"end":{"line":27,"column":42}},"20":{"start":{"line":28,"column":4},"end":{"line":28,"column":34}},"21":{"start":{"line":30,"column":0},"end":{"line":30,"column":31}},"22":{"start":{"line":32,"column":0},"end":{"line":36,"column":1}},"23":{"start":{"line":33,"column":4},"end":{"line":33,"column":26}},"24":{"start":{"line":34,"column":4},"end":{"line":34,"column":37}},"25":{"start":{"line":35,"column":4},"end":{"line":35,"column":34}},"26":{"start":{"line":37,"column":0},"end":{"line":37,"column":26}},"27":{"start":{"line":39,"column":0},"end":{"line":43,"column":1}},"28":{"start":{"line":40,"column":4},"end":{"line":40,"column":26}},"29":{"start":{"line":41,"column":4},"end":{"line":41,"column":40}},"30":{"start":{"line":42,"column":4},"end":{"line":42,"column":34}},"31":{"start":{"line":44,"column":0},"end":{"line":44,"column":32}},"32":{"start":{"line":46,"column":0},"end":{"line":49,"column":1}},"33":{"start":{"line":47,"column":4},"end":{"line":47,"column":33}},"34":{"start":{"line":48,"column":4},"end":{"line":48,"column":32}},"35":{"start":{"line":51,"column":0},"end":{"line":65,"column":2}}},"branchMap":{"1":{"line":12,"type":"binary-expr","locations":[{"start":{"line":12,"column":13},"end":{"line":12,"column":19}},{"start":{"line":12,"column":23},"end":{"line":12,"column":25}}]},"2":{"line":19,"type":"binary-expr","locations":[{"start":{"line":19,"column":13},"end":{"line":19,"column":19}},{"start":{"line":19,"column":23},"end":{"line":19,"column":25}}]},"3":{"line":26,"type":"binary-expr","locations":[{"start":{"line":26,"column":13},"end":{"line":26,"column":19}},{"start":{"line":26,"column":23},"end":{"line":26,"column":25}}]},"4":{"line":33,"type":"binary-expr","locations":[{"start":{"line":33,"column":13},"end":{"line":33,"column":19}},{"start":{"line":33,"column":23},"end":{"line":33,"column":25}}]},"5":{"line":40,"type":"binary-expr","locations":[{"start":{"line":40,"column":13},"end":{"line":40,"column":19}},{"start":{"line":40,"column":23},"end":{"line":40,"column":25}}]}},"code":["'use strict';","","var util = require('util');","var svmTypes = require('./core/svm-types');","var kernelTypes = require('./core/kernel-types');","var defaultConfig = require('./core/config');","","var SVM = require('./core/svm');","var readDataset = require('./util/read-dataset');","","function CSVC(config, model) {","    config = config || {};","    config.svmType = svmTypes.C_SVC;","    SVM.call(this, config, model);","}","util.inherits(CSVC, SVM);","","function NuSVC(config, model) {","    config = config || {};","    config.svmType = svmTypes.NU_SVC;","    SVM.call(this, config, model);","}","util.inherits(NuSVC, SVM);","","function EpsilonSVR(config, model) {","    config = config || {};","    config.svmType = svmTypes.EPSILON_SVR;","    SVM.call(this, config, model);","}","util.inherits(EpsilonSVR, SVM);","","function NuSVR(config, model) {","    config = config || {};","    config.svmType = svmTypes.NU_SVR;","    SVM.call(this, config, model);","}","util.inherits(NuSVR, SVM);","","function OneClassSVM(config, model) {","    config = config || {};","    config.svmType = svmTypes.ONE_CLASS;","    SVM.call(this, config, model);","}","util.inherits(OneClassSVM, SVM);","","function restore(model) {","    var conf = defaultConfig({});","    return new SVM(conf, model);","}","","module.exports = {","    svmTypes: svmTypes,","    kernelTypes: kernelTypes,","","    // utils","    read: readDataset,","    restore: restore,","","    SVM: SVM,","    CSVC: CSVC,","    NuSVC: NuSVC,","    EpsilonSVR: EpsilonSVR,","    NuSVR: NuSVR,","    OneClassSVM: OneClassSVM","};","","",""],"l":{"3":1,"4":1,"5":1,"6":1,"8":1,"9":1,"11":1,"12":0,"13":0,"14":0,"16":1,"18":1,"19":0,"20":0,"21":0,"23":1,"25":1,"26":0,"27":0,"28":0,"30":1,"32":1,"33":0,"34":0,"35":0,"37":1,"39":1,"40":0,"41":0,"42":0,"44":1,"46":1,"47":0,"48":0,"51":1}},"/home/travis/build/npmtest/node-npmtest-node-svm/node_modules/node-svm/lib/core/svm-types.js":{"path":"/home/travis/build/npmtest/node-npmtest-node-svm/node_modules/node-svm/lib/core/svm-types.js","s":{"1":1},"b":{},"f":{},"fnMap":{},"statementMap":{"1":{"start":{"line":3,"column":0},"end":{"line":9,"column":2}}},"branchMap":{},"code":["'use strict';","","module.exports = {","    C_SVC: 0,       // multi-class classification","    NU_SVC: 1,      // multi-class classification","    ONE_CLASS: 2,   // one-class SVM","    EPSILON_SVR : 3,// regression","    NU_SVR: 4       // regression","};"],"l":{"3":1}},"/home/travis/build/npmtest/node-npmtest-node-svm/node_modules/node-svm/lib/core/kernel-types.js":{"path":"/home/travis/build/npmtest/node-npmtest-node-svm/node_modules/node-svm/lib/core/kernel-types.js","s":{"1":1},"b":{},"f":{},"fnMap":{},"statementMap":{"1":{"start":{"line":3,"column":0},"end":{"line":8,"column":2}}},"branchMap":{},"code":["'use strict';","","module.exports = {","    LINEAR : 0,","    POLY : 1,","    RBF  : 2,","    SIGMOID : 3","};"],"l":{"3":1}},"/home/travis/build/npmtest/node-npmtest-node-svm/node_modules/node-svm/lib/core/config.js":{"path":"/home/travis/build/npmtest/node-npmtest-node-svm/node_modules/node-svm/lib/core/config.js","s":{"1":1,"2":1,"3":1,"4":1,"5":1,"6":1,"7":1,"8":1,"9":1,"10":1,"11":1,"12":1,"13":0,"14":0,"15":0,"16":0,"17":0,"18":0,"19":0,"20":1,"21":0,"22":0,"23":0,"24":1,"25":0,"26":0,"27":0,"28":0,"29":0,"30":0,"31":0,"32":0,"33":0,"34":0,"35":0,"36":0,"37":0,"38":0,"39":0,"40":0,"41":0,"42":0,"43":0,"44":0,"45":0,"46":0,"47":0,"48":0,"49":0,"50":0,"51":0,"52":0,"53":0,"54":0,"55":0,"56":0,"57":0,"58":0,"59":0,"60":0,"61":1,"62":0,"63":0,"64":0,"65":1,"66":0,"67":0,"68":0,"69":0,"70":0,"71":0,"72":1,"73":0,"74":1,"75":1},"b":{"1":[0,0],"2":[0,0],"3":[0,0],"4":[0,0],"5":[0,0,0],"6":[0,0],"7":[0,0],"8":[0,0],"9":[0,0],"10":[0,0,0],"11":[0,0],"12":[0,0],"13":[0,0],"14":[0,0],"15":[0,0],"16":[0,0],"17":[0,0,0],"18":[0,0],"19":[0,0],"20":[0,0],"21":[0,0],"22":[0,0],"23":[0,0],"24":[0,0],"25":[0,0],"26":[0,0],"27":[0,0],"28":[0,0],"29":[0,0],"30":[0,0],"31":[0,0,0]},"f":{"1":0,"2":0,"3":0,"4":0,"5":0,"6":0,"7":0},"fnMap":{"1":{"name":"camelCase","line":17,"loc":{"start":{"line":17,"column":0},"end":{"line":17,"column":27}}},"2":{"name":"(anonymous_2)","line":21,"loc":{"start":{"line":21,"column":22},"end":{"line":21,"column":44}}},"3":{"name":"normalise","line":34,"loc":{"start":{"line":34,"column":0},"end":{"line":34,"column":30}}},"4":{"name":"checkConfig","line":44,"loc":{"start":{"line":44,"column":0},"end":{"line":44,"column":29}}},"5":{"name":"defaultConfig","line":127,"loc":{"start":{"line":127,"column":0},"end":{"line":127,"column":31}}},"6":{"name":"readCachedConfig","line":135,"loc":{"start":{"line":135,"column":0},"end":{"line":135,"column":31}}},"7":{"name":"resetCache","line":146,"loc":{"start":{"line":146,"column":0},"end":{"line":146,"column":23}}}},"statementMap":{"1":{"start":{"line":3,"column":0},"end":{"line":3,"column":32}},"2":{"start":{"line":4,"column":0},"end":{"line":4,"column":30}},"3":{"start":{"line":5,"column":0},"end":{"line":5,"column":32}},"4":{"start":{"line":6,"column":0},"end":{"line":6,"column":27}},"5":{"start":{"line":7,"column":0},"end":{"line":7,"column":31}},"6":{"start":{"line":8,"column":0},"end":{"line":8,"column":25}},"7":{"start":{"line":10,"column":0},"end":{"line":10,"column":40}},"8":{"start":{"line":11,"column":0},"end":{"line":11,"column":44}},"9":{"start":{"line":12,"column":0},"end":{"line":12,"column":38}},"10":{"start":{"line":13,"column":0},"end":{"line":13,"column":44}},"11":{"start":{"line":15,"column":0},"end":{"line":15,"column":23}},"12":{"start":{"line":17,"column":0},"end":{"line":32,"column":1}},"13":{"start":{"line":18,"column":4},"end":{"line":18,"column":24}},"14":{"start":{"line":21,"column":4},"end":{"line":29,"column":7}},"15":{"start":{"line":23,"column":8},"end":{"line":25,"column":9}},"16":{"start":{"line":24,"column":12},"end":{"line":24,"column":19}},"17":{"start":{"line":27,"column":8},"end":{"line":27,"column":51}},"18":{"start":{"line":28,"column":8},"end":{"line":28,"column":77}},"19":{"start":{"line":31,"column":4},"end":{"line":31,"column":22}},"20":{"start":{"line":34,"column":0},"end":{"line":42,"column":1}},"21":{"start":{"line":35,"column":4},"end":{"line":35,"column":20}},"22":{"start":{"line":38,"column":4},"end":{"line":38,"column":47}},"23":{"start":{"line":41,"column":4},"end":{"line":41,"column":18}},"24":{"start":{"line":44,"column":0},"end":{"line":125,"column":1}},"25":{"start":{"line":45,"column":4},"end":{"line":45,"column":52}},"26":{"start":{"line":47,"column":4},"end":{"line":49,"column":5}},"27":{"start":{"line":48,"column":8},"end":{"line":48,"column":50}},"28":{"start":{"line":50,"column":4},"end":{"line":60,"column":5}},"29":{"start":{"line":53,"column":8},"end":{"line":55,"column":9}},"30":{"start":{"line":54,"column":12},"end":{"line":54,"column":34}},"31":{"start":{"line":56,"column":8},"end":{"line":56,"column":92}},"32":{"start":{"line":59,"column":8},"end":{"line":59,"column":22}},"33":{"start":{"line":62,"column":4},"end":{"line":64,"column":5}},"34":{"start":{"line":63,"column":8},"end":{"line":63,"column":59}},"35":{"start":{"line":66,"column":4},"end":{"line":76,"column":5}},"36":{"start":{"line":69,"column":8},"end":{"line":71,"column":9}},"37":{"start":{"line":70,"column":12},"end":{"line":70,"column":42}},"38":{"start":{"line":72,"column":8},"end":{"line":72,"column":106}},"39":{"start":{"line":75,"column":8},"end":{"line":75,"column":26}},"40":{"start":{"line":79,"column":4},"end":{"line":87,"column":5}},"41":{"start":{"line":80,"column":8},"end":{"line":82,"column":9}},"42":{"start":{"line":81,"column":12},"end":{"line":81,"column":46}},"43":{"start":{"line":83,"column":8},"end":{"line":83,"column":110}},"44":{"start":{"line":86,"column":8},"end":{"line":86,"column":28}},"45":{"start":{"line":90,"column":4},"end":{"line":100,"column":5}},"46":{"start":{"line":93,"column":8},"end":{"line":95,"column":9}},"47":{"start":{"line":94,"column":12},"end":{"line":94,"column":36}},"48":{"start":{"line":96,"column":8},"end":{"line":96,"column":95}},"49":{"start":{"line":99,"column":8},"end":{"line":99,"column":23}},"50":{"start":{"line":103,"column":4},"end":{"line":111,"column":5}},"51":{"start":{"line":104,"column":8},"end":{"line":106,"column":9}},"52":{"start":{"line":105,"column":12},"end":{"line":105,"column":44}},"53":{"start":{"line":107,"column":8},"end":{"line":107,"column":107}},"54":{"start":{"line":110,"column":8},"end":{"line":110,"column":27}},"55":{"start":{"line":114,"column":4},"end":{"line":123,"column":5}},"56":{"start":{"line":116,"column":8},"end":{"line":118,"column":9}},"57":{"start":{"line":117,"column":12},"end":{"line":117,"column":34}},"58":{"start":{"line":119,"column":8},"end":{"line":119,"column":92}},"59":{"start":{"line":122,"column":8},"end":{"line":122,"column":22}},"60":{"start":{"line":124,"column":4},"end":{"line":124,"column":18}},"61":{"start":{"line":127,"column":0},"end":{"line":133,"column":1}},"62":{"start":{"line":128,"column":4},"end":{"line":128,"column":26}},"63":{"start":{"line":130,"column":4},"end":{"line":130,"column":69}},"64":{"start":{"line":132,"column":4},"end":{"line":132,"column":55}},"65":{"start":{"line":135,"column":0},"end":{"line":145,"column":1}},"66":{"start":{"line":136,"column":4},"end":{"line":136,"column":58}},"67":{"start":{"line":136,"column":30},"end":{"line":136,"column":56}},"68":{"start":{"line":138,"column":4},"end":{"line":138,"column":78}},"69":{"start":{"line":140,"column":4},"end":{"line":142,"column":5}},"70":{"start":{"line":141,"column":8},"end":{"line":141,"column":94}},"71":{"start":{"line":144,"column":4},"end":{"line":144,"column":18}},"72":{"start":{"line":146,"column":0},"end":{"line":148,"column":1}},"73":{"start":{"line":147,"column":4},"end":{"line":147,"column":23}},"74":{"start":{"line":149,"column":0},"end":{"line":149,"column":31}},"75":{"start":{"line":150,"column":0},"end":{"line":150,"column":34}}},"branchMap":{"1":{"line":23,"type":"if","locations":[{"start":{"line":23,"column":8},"end":{"line":23,"column":8}},{"start":{"line":23,"column":8},"end":{"line":23,"column":8}}]},"2":{"line":28,"type":"cond-expr","locations":[{"start":{"line":28,"column":52},"end":{"line":28,"column":68}},{"start":{"line":28,"column":71},"end":{"line":28,"column":76}}]},"3":{"line":47,"type":"if","locations":[{"start":{"line":47,"column":4},"end":{"line":47,"column":4}},{"start":{"line":47,"column":4},"end":{"line":47,"column":4}}]},"4":{"line":50,"type":"if","locations":[{"start":{"line":50,"column":4},"end":{"line":50,"column":4}},{"start":{"line":50,"column":4},"end":{"line":50,"column":4}}]},"5":{"line":50,"type":"binary-expr","locations":[{"start":{"line":50,"column":8},"end":{"line":50,"column":41}},{"start":{"line":51,"column":8},"end":{"line":51,"column":47}},{"start":{"line":52,"column":8},"end":{"line":52,"column":42}}]},"6":{"line":53,"type":"if","locations":[{"start":{"line":53,"column":8},"end":{"line":53,"column":8}},{"start":{"line":53,"column":8},"end":{"line":53,"column":8}}]},"7":{"line":56,"type":"binary-expr","locations":[{"start":{"line":56,"column":15},"end":{"line":56,"column":23}},{"start":{"line":56,"column":27},"end":{"line":56,"column":44}}]},"8":{"line":62,"type":"if","locations":[{"start":{"line":62,"column":4},"end":{"line":62,"column":4}},{"start":{"line":62,"column":4},"end":{"line":62,"column":4}}]},"9":{"line":66,"type":"if","locations":[{"start":{"line":66,"column":4},"end":{"line":66,"column":4}},{"start":{"line":66,"column":4},"end":{"line":66,"column":4}}]},"10":{"line":66,"type":"binary-expr","locations":[{"start":{"line":66,"column":8},"end":{"line":66,"column":46}},{"start":{"line":67,"column":8},"end":{"line":67,"column":45}},{"start":{"line":68,"column":8},"end":{"line":68,"column":49}}]},"11":{"line":69,"type":"if","locations":[{"start":{"line":69,"column":8},"end":{"line":69,"column":8}},{"start":{"line":69,"column":8},"end":{"line":69,"column":8}}]},"12":{"line":72,"type":"binary-expr","locations":[{"start":{"line":72,"column":15},"end":{"line":72,"column":27}},{"start":{"line":72,"column":31},"end":{"line":72,"column":54}}]},"13":{"line":79,"type":"if","locations":[{"start":{"line":79,"column":4},"end":{"line":79,"column":4}},{"start":{"line":79,"column":4},"end":{"line":79,"column":4}}]},"14":{"line":80,"type":"if","locations":[{"start":{"line":80,"column":8},"end":{"line":80,"column":8}},{"start":{"line":80,"column":8},"end":{"line":80,"column":8}}]},"15":{"line":83,"type":"binary-expr","locations":[{"start":{"line":83,"column":15},"end":{"line":83,"column":29}},{"start":{"line":83,"column":33},"end":{"line":83,"column":56}}]},"16":{"line":90,"type":"if","locations":[{"start":{"line":90,"column":4},"end":{"line":90,"column":4}},{"start":{"line":90,"column":4},"end":{"line":90,"column":4}}]},"17":{"line":90,"type":"binary-expr","locations":[{"start":{"line":90,"column":8},"end":{"line":90,"column":42}},{"start":{"line":91,"column":8},"end":{"line":91,"column":45}},{"start":{"line":92,"column":8},"end":{"line":92,"column":42}}]},"18":{"line":93,"type":"if","locations":[{"start":{"line":93,"column":8},"end":{"line":93,"column":8}},{"start":{"line":93,"column":8},"end":{"line":93,"column":8}}]},"19":{"line":96,"type":"binary-expr","locations":[{"start":{"line":96,"column":15},"end":{"line":96,"column":24}},{"start":{"line":96,"column":28},"end":{"line":96,"column":46}}]},"20":{"line":103,"type":"if","locations":[{"start":{"line":103,"column":4},"end":{"line":103,"column":4}},{"start":{"line":103,"column":4},"end":{"line":103,"column":4}}]},"21":{"line":104,"type":"if","locations":[{"start":{"line":104,"column":8},"end":{"line":104,"column":8}},{"start":{"line":104,"column":8},"end":{"line":104,"column":8}}]},"22":{"line":107,"type":"binary-expr","locations":[{"start":{"line":107,"column":15},"end":{"line":107,"column":28}},{"start":{"line":107,"column":32},"end":{"line":107,"column":54}}]},"23":{"line":114,"type":"if","locations":[{"start":{"line":114,"column":4},"end":{"line":114,"column":4}},{"start":{"line":114,"column":4},"end":{"line":114,"column":4}}]},"24":{"line":114,"type":"binary-expr","locations":[{"start":{"line":114,"column":8},"end":{"line":114,"column":46}},{"start":{"line":115,"column":8},"end":{"line":115,"column":49}}]},"25":{"line":116,"type":"if","locations":[{"start":{"line":116,"column":8},"end":{"line":116,"column":8}},{"start":{"line":116,"column":8},"end":{"line":116,"column":8}}]},"26":{"line":119,"type":"binary-expr","locations":[{"start":{"line":119,"column":15},"end":{"line":119,"column":23}},{"start":{"line":119,"column":27},"end":{"line":119,"column":44}}]},"27":{"line":128,"type":"binary-expr","locations":[{"start":{"line":128,"column":13},"end":{"line":128,"column":19}},{"start":{"line":128,"column":23},"end":{"line":128,"column":25}}]},"28":{"line":130,"type":"binary-expr","locations":[{"start":{"line":130,"column":40},"end":{"line":130,"column":50}},{"start":{"line":130,"column":54},"end":{"line":130,"column":67}}]},"29":{"line":136,"type":"if","locations":[{"start":{"line":136,"column":4},"end":{"line":136,"column":4}},{"start":{"line":136,"column":4},"end":{"line":136,"column":4}}]},"30":{"line":140,"type":"if","locations":[{"start":{"line":140,"column":4},"end":{"line":140,"column":4}},{"start":{"line":140,"column":4},"end":{"line":140,"column":4}}]},"31":{"line":141,"type":"binary-expr","locations":[{"start":{"line":141,"column":30},"end":{"line":141,"column":56}},{"start":{"line":141,"column":60},"end":{"line":141,"column":73}},{"start":{"line":141,"column":77},"end":{"line":141,"column":92}}]}},"code":["'use strict';","","var _o = require('mout/object');","var _l = require('mout/lang');","var _s = require('mout/string');","var path = require('path');","var assert = require('assert');","var tty = require('tty');","","var rc = require('../util/read-config');","var defaults = require('./default-options');","var svmTypes = require('./svm-types');","var kernelTypes = require('./kernel-types');","","var cachedConfigs = {};","","function camelCase(config) {","    var camelCased = {};","","    // Camel case","    _o.forOwn(config, function (value, key) {","        // Ignore null values","        if (value == null) {","            return;","        }","","        key = _s.camelCase(key.replace(/_/g, '-'));","        camelCased[key] = _l.isPlainObject(value) ? camelCase(value) : value;","    });","","    return camelCased;","}","","function normalise(rawConfig) {","    var config = {};","","    // Mix in defaults and raw config","    _o.deepMixIn(config, camelCase(rawConfig));","","","    return config;","}","","function checkConfig(config) {","    assert(config.kFold > 0, 'k-fold must be >= 1');","    // parameter C used for C-SVC, epsilon-SVR, and nu-SVR","    if (_l.isString(config.svmType)){","        config.svmType = svmTypes[config.svmType];","    }","    if (config.svmType === svmTypes.C_SVC ||","        config.svmType === svmTypes.EPSILON_SVR ||","        config.svmType === svmTypes.NU_SVR){","        if (_l.isNumber(config.c)){","            config.c = [config.c];","        }","        assert(config.c && config.c.length>0, 'Require at least one value for C parameter');","    }","    else {","        config.c = [];","    }","","    if (_l.isString(config.kernelType)){","        config.kernelType = kernelTypes[config.kernelType];","    }","    // parameter gamma used for POLY, RBF, and SIGMOID kernels","    if (config.kernelType === kernelTypes.POLY ||","        config.kernelType === kernelTypes.RBF ||","        config.kernelType === kernelTypes.SIGMOID){","        if (_l.isNumber(config.gamma)){","            config.gamma = [config.gamma];","        }","        assert(config.gamma && config.gamma.length > 0, 'Require at least one value for gamma parameter');","    }","    else {","        config.gamma = [];","    }","","    // parameter epsilon used for epsilon-SVR only","    if (config.svmType === svmTypes.EPSILON_SVR){","        if (_l.isNumber(config.epsilon)){","            config.epsilon = [config.epsilon];","        }","        assert(config.epsilon && config.epsilon.length>0, 'Require at least one value for epsilon parameter');","    }","    else {","        config.epsilon = [];","    }","","    // parameter nu used for nu-SVC, one-class SVM, and nu-SVR","    if (config.svmType === svmTypes.NU_SVC ||","        config.svmType === svmTypes.ONE_CLASS ||","        config.svmType === svmTypes.NU_SVR ){","        if (_l.isNumber(config.nu)){","            config.nu = [config.nu];","        }","        assert(config.nu && config.nu.length>0, 'Require at least one value for nu parameter');","    }","    else {","        config.nu = [];","    }","","    // parameter degree used only for POLY kernel","    if (config.kernelType === kernelTypes.POLY ){","        if (_l.isNumber(config.degree)){","            config.degree = [config.degree];","        }","        assert(config.degree && config.degree.length>0, 'Require at least one value for degree parameter');","    }","    else {","        config.degree = [];","    }","","    // parameter r used for POLY kernel","    if (config.kernelType === kernelTypes.POLY  ||","        config.kernelType === kernelTypes.SIGMOID ){","        if (_l.isNumber(config.r)){","            config.r = [config.r];","        }","        assert(config.r && config.r.length>0, 'Require at least one value for r parameter');","    }","    else {","        config.r = [];","    }","    return config;","}","","function defaultConfig(config) {","    config = config || {};","","    var cachedConfig = readCachedConfig(config.cwd || process.cwd());","","    return checkConfig(_o.merge(cachedConfig, config));","}","","function readCachedConfig(cwd) {","    if (cachedConfigs[cwd]) { return cachedConfigs[cwd]; }","","    var config = cachedConfigs[cwd] = normalise(rc('nodesvm', defaults, cwd));","","    if (!_o.has(config, 'interactive')) {","        config.interactive = (process.bin === 'node-svm' && tty.isatty(1) && !process.env.CI);","    }","","    return config;","}","function resetCache () {","    cachedConfigs = {};","}","module.exports = defaultConfig;","module.exports.reset = resetCache;"],"l":{"3":1,"4":1,"5":1,"6":1,"7":1,"8":1,"10":1,"11":1,"12":1,"13":1,"15":1,"17":1,"18":0,"21":0,"23":0,"24":0,"27":0,"28":0,"31":0,"34":1,"35":0,"38":0,"41":0,"44":1,"45":0,"47":0,"48":0,"50":0,"53":0,"54":0,"56":0,"59":0,"62":0,"63":0,"66":0,"69":0,"70":0,"72":0,"75":0,"79":0,"80":0,"81":0,"83":0,"86":0,"90":0,"93":0,"94":0,"96":0,"99":0,"103":0,"104":0,"105":0,"107":0,"110":0,"114":0,"116":0,"117":0,"119":0,"122":0,"124":0,"127":1,"128":0,"130":0,"132":0,"135":1,"136":0,"138":0,"140":0,"141":0,"144":0,"146":1,"147":0,"149":1,"150":1}},"/home/travis/build/npmtest/node-npmtest-node-svm/node_modules/node-svm/lib/util/read-config.js":{"path":"/home/travis/build/npmtest/node-npmtest-node-svm/node_modules/node-svm/lib/util/read-config.js","s":{"1":1,"2":1,"3":1,"4":1,"5":1,"6":1,"7":1,"8":1,"9":1,"10":1,"11":0,"12":0,"13":0,"14":0,"15":0,"16":0,"17":0,"18":0,"19":0,"20":0,"21":0,"22":1,"23":0,"24":0,"25":0,"26":0,"27":0,"28":1,"29":0,"30":0,"31":0,"32":0,"33":0,"34":0,"35":0,"36":0,"37":0,"38":1,"39":0,"40":0,"41":0,"42":0,"43":0,"44":0,"45":0,"46":0,"47":0,"48":0,"49":0,"50":1,"51":0,"52":0,"53":0,"54":0,"55":0,"56":0,"57":0},"b":{"1":[0,0],"2":[0,0],"3":[0,0],"4":[0,0],"5":[0,0],"6":[0,0],"7":[0,0],"8":[0,0],"9":[0,0],"10":[0,0],"11":[0,0],"12":[0,0]},"f":{"1":0,"2":0,"3":0,"4":0,"5":0,"6":0,"7":0,"8":0},"fnMap":{"1":{"name":"parse","line":14,"loc":{"start":{"line":14,"column":0},"end":{"line":14,"column":30}}},"2":{"name":"json","line":36,"loc":{"start":{"line":36,"column":0},"end":{"line":36,"column":20}}},"3":{"name":"env","line":48,"loc":{"start":{"line":48,"column":0},"end":{"line":48,"column":21}}},"4":{"name":"(anonymous_4)","line":54,"loc":{"start":{"line":54,"column":31},"end":{"line":54,"column":53}}},"5":{"name":"find","line":69,"loc":{"start":{"line":69,"column":0},"end":{"line":69,"column":29}}},"6":{"name":"(anonymous_6)","line":70,"loc":{"start":{"line":70,"column":15},"end":{"line":70,"column":40}}},"7":{"name":"(anonymous_7)","line":91,"loc":{"start":{"line":91,"column":17},"end":{"line":91,"column":53}}},"8":{"name":"(anonymous_8)","line":99,"loc":{"start":{"line":99,"column":47},"end":{"line":99,"column":64}}}},"statementMap":{"1":{"start":{"line":3,"column":0},"end":{"line":3,"column":27}},"2":{"start":{"line":4,"column":0},"end":{"line":4,"column":32}},"3":{"start":{"line":5,"column":0},"end":{"line":5,"column":35}},"4":{"start":{"line":6,"column":0},"end":{"line":6,"column":29}},"5":{"start":{"line":7,"column":0},"end":{"line":7,"column":36}},"6":{"start":{"line":8,"column":0},"end":{"line":8,"column":36}},"7":{"start":{"line":9,"column":0},"end":{"line":9,"column":31}},"8":{"start":{"line":11,"column":0},"end":{"line":11,"column":39}},"9":{"start":{"line":12,"column":0},"end":{"line":12,"column":24}},"10":{"start":{"line":14,"column":0},"end":{"line":34,"column":1}},"11":{"start":{"line":15,"column":4},"end":{"line":15,"column":14}},"12":{"start":{"line":17,"column":4},"end":{"line":19,"column":5}},"13":{"start":{"line":18,"column":8},"end":{"line":18,"column":18}},"14":{"start":{"line":21,"column":4},"end":{"line":33,"column":5}},"15":{"start":{"line":22,"column":8},"end":{"line":22,"column":35}},"16":{"start":{"line":24,"column":8},"end":{"line":28,"column":9}},"17":{"start":{"line":25,"column":12},"end":{"line":25,"column":76}},"18":{"start":{"line":27,"column":12},"end":{"line":27,"column":73}},"19":{"start":{"line":30,"column":8},"end":{"line":30,"column":32}},"20":{"start":{"line":31,"column":8},"end":{"line":31,"column":34}},"21":{"start":{"line":32,"column":8},"end":{"line":32,"column":20}},"22":{"start":{"line":36,"column":0},"end":{"line":46,"column":1}},"23":{"start":{"line":37,"column":4},"end":{"line":37,"column":16}},"24":{"start":{"line":39,"column":4},"end":{"line":43,"column":5}},"25":{"start":{"line":40,"column":8},"end":{"line":40,"column":51}},"26":{"start":{"line":42,"column":8},"end":{"line":42,"column":20}},"27":{"start":{"line":45,"column":4},"end":{"line":45,"column":32}},"28":{"start":{"line":48,"column":0},"end":{"line":67,"column":1}},"29":{"start":{"line":49,"column":4},"end":{"line":49,"column":17}},"30":{"start":{"line":50,"column":4},"end":{"line":50,"column":37}},"31":{"start":{"line":52,"column":4},"end":{"line":52,"column":34}},"32":{"start":{"line":54,"column":4},"end":{"line":64,"column":7}},"33":{"start":{"line":55,"column":8},"end":{"line":55,"column":32}},"34":{"start":{"line":57,"column":8},"end":{"line":63,"column":9}},"35":{"start":{"line":58,"column":12},"end":{"line":61,"column":36}},"36":{"start":{"line":62,"column":12},"end":{"line":62,"column":46}},"37":{"start":{"line":66,"column":4},"end":{"line":66,"column":15}},"38":{"start":{"line":69,"column":0},"end":{"line":89,"column":1}},"39":{"start":{"line":70,"column":4},"end":{"line":85,"column":6}},"40":{"start":{"line":71,"column":8},"end":{"line":71,"column":44}},"41":{"start":{"line":72,"column":8},"end":{"line":72,"column":39}},"42":{"start":{"line":74,"column":8},"end":{"line":84,"column":9}},"43":{"start":{"line":75,"column":12},"end":{"line":75,"column":30}},"44":{"start":{"line":76,"column":12},"end":{"line":76,"column":24}},"45":{"start":{"line":79,"column":12},"end":{"line":81,"column":13}},"46":{"start":{"line":80,"column":16},"end":{"line":80,"column":28}},"47":{"start":{"line":83,"column":12},"end":{"line
[...]
ire('./average');","var std = require('./standard-deviation');","var normalizeInput = require('./normalize-input');","","","module.exports = function(dataset, mu, sigma){","","    assert(dataset instanceof Array, 'dataset must be an list of [X,y] tuples');","    assert(dataset.length>0, 'dataset cannot be empty');","","    var X = dataset.map(function(ex){return ex[0];}),","        n = numeric.dim(X)[0] || 0,","        m = numeric.dim(X)[1] || 0;","","    assert(m>0, 'number of features must be gt 0');","","    mu = mu || _a.range(m-1).map(function(i){","        return avg(X.map(function(x){ return x[i] || 0; }));","    });","    sigma = sigma || _a.range(m-1).map(function(i){","        return std(X.map(function(x){ return x[i] || 0; }));","    });","","    return {","        dataset: dataset.map(function(l){ return [normalizeInput(l[0], mu, sigma), l[1]]; }),","        mu: mu,","        sigma: sigma","    };","};"],"l":{"3":1,"4":1,"6":1,"8":1,"9":1,"10":1,"13":1,"15":0,"16":0,"18":0,"22":0,"24":0,"25":0,"27":0,"28":0,"31":0,"32":0}},"/home/travis/build/npmtest/node-npmtest-node-svm/node_modules/node-svm/lib/util/standard-deviation.js":{"path":"/home/travis/build/npmtest/node-npmtest-node-svm/node_modules/node-svm/lib/util/standard-deviation.js","s":{"1":1,"2":1,"3":1,"4":1,"5":1,"6":0,"7":0,"8":0,"9":0,"10":0,"11":0,"12":0,"13":0},"b":{"1":[0,0],"2":[0,0]},"f":{"1":0,"2":0},"fnMap":{"1":{"name":"(anonymous_1)","line":8,"loc":{"start":{"line":8,"column":17},"end":{"line":8,"column":30}}},"2":{"name":"(anonymous_2)","line":14,"loc":{"start":{"line":14,"column":34},"end":{"line":14,"column":50}}}},"statementMap":{"1":{"start":{"line":3,"column":0},"end":{"line":3,"column":31}},"2":{"start":{"line":4,"column":0},"end":{"line":4,"column":31}},"3":{"start":{"line":5,"column":0},"end":{"line":5,"column":33}},"4":{"start":{"line":6,"column":0},"end":{"line":6,"column":35}},"5":{"start":{"line":8,"column":0},"end":{"line":16,"column":2}},"6":{"start":{"line":9,"column":4},"end":{"line":9,"column":37}},"7":{"start":{"line":10,"column":4},"end":{"line":10,"column":37}},"8":{"start":{"line":11,"column":4},"end":{"line":11,"column":42}},"9":{"start":{"line":12,"column":4},"end":{"line":12,"column":40}},"10":{"start":{"line":13,"column":4},"end":{"line":13,"column":27}},"11":{"start":{"line":14,"column":4},"end":{"line":14,"column":97}},"12":{"start":{"line":14,"column":52},"end":{"line":14,"column":86}},"13":{"start":{"line":15,"column":4},"end":{"line":15,"column":35}}},"branchMap":{"1":{"line":9,"type":"binary-expr","locations":[{"start":{"line":9,"column":12},"end":{"line":9,"column":31}},{"start":{"line":9,"column":35},"end":{"line":9,"column":36}}]},"2":{"line":10,"type":"binary-expr","locations":[{"start":{"line":10,"column":12},"end":{"line":10,"column":31}},{"start":{"line":10,"column":35},"end":{"line":10,"column":36}}]}},"code":["'use strict';","","var assert = require('assert');","var _a = require('mout/array');","var numeric = require('numeric');","var average = require('./average');","","module.exports = function(arr){","    var n = numeric.dim(arr)[0] || 0;","    var m = numeric.dim(arr)[1] || 0;","    assert(n > 0,'array cannot be empty');","    assert(m === 0 ,'array must be 1d');","    var avg = average(arr);","    var variance = _a.reduce(arr, function(sum, v){ return sum + Math.pow(v - avg, 2); }, 0) / n;","    return Math.pow(variance, 0.5);","};",""],"l":{"3":1,"4":1,"5":1,"6":1,"8":1,"9":0,"10":0,"11":0,"12":0,"13":0,"14":0,"15":0}},"/home/travis/build/npmtest/node-npmtest-node-svm/node_modules/node-svm/lib/util/normalize-input.js":{"path":"/home/travis/build/npmtest/node-npmtest-node-svm/node_modules/node-svm/lib/util/normalize-input.js","s":{"1":1,"2":1,"3":1,"4":1,"5":1,"6":0,"7":0,"8":0,"9":0,"10":0,"11":0},"b":{"1":[0,0]},"f":{"1":0,"2":0},"fnMap":{"1":{"name":"(anonymous_1)","line":10,"loc":{"start":{"line":10,"column":17},"end":{"line":10,"column":44}}},"2":{"name":"(anonymous_2)","line":14,"loc":{"start":{"line":14,"column":29},"end":{"line":14,"column":44}}}},"statementMap":{"1":{"start":{"line":3,"column":0},"end":{"line":3,"column":31}},"2":{"start":{"line":4,"column":0},"end":{"line":5,"column":20}},"3":{"start":{"line":6,"column":0},"end":{"line":6,"column":33}},"4":{"start":{"line":7,"column":0},"end":{"line":7,"column":42}},"5":{"start":{"line":10,"column":0},"end":{"line":16,"column":2}},"6":{"start":{"line":11,"column":4},"end":{"line":11,"column":63}},"7":{"start":{"line":12,"column":4},"end":{"line":12,"column":57}},"8":{"start":{"line":13,"column":4},"end":{"line":13,"column":63}},"9":{"start":{"line":14,"column":4},"end":{"line":14,"column":84}},"10":{"start":{"line":14,"column":46},"end":{"line":14,"column":81}},"11":{"start":{"line":15,"column":4},"end":{"line":15,"column":70}}},"branchMap":{"1":{"line":14,"type":"cond-expr","locations":[{"start":{"line":14,"column":67},"end":{"line":14,"column":68}},{"start":{"line":14,"column":71},"end":{"line":14,"column":80}}]}},"code":["'use strict';","","var assert = require('assert');","var mout = require('mout'),","    _a = mout.array;","var numeric = require('numeric');","var std = require('./standard-deviation');","","","module.exports = function (input, mu, sigma){","    assert(input instanceof Array, 'input must be a 1d array');","    assert(mu instanceof Array, 'mu must be a 1d array');","    assert(sigma instanceof Array, 'sigma must be a 1d array');","    var sigmaInv = sigma.map(function(value){ return value === 0 ? 1 : 1 / value;});","    return numeric.mul(numeric.add(input, numeric.neg(mu)), sigmaInv);","};"],"l":{"3":1,"4":1,"6":1,"7":1,"10":1,"11":0,"12":0,"13":0,"14":0,"15":0}},"/home/travis/build/npmtest/node-npmtest-node-svm/node_modules/node-svm/lib/util/reduce-dataset.js":{"path":"/home/travis/build/npmtest/node-npmtest-node-svm/node_modules/node-svm/lib/util/reduce-dataset.js","s":{"1":1,"2":1,"3":1,"4":1,"5":0,"6":0,"7":0,"8":0,"9":0,"10":0,"11":0,"12":0,"13":0,"14":0,"15":0,"16":0,"17":0,"18":0,"19":0,"20":0,"21":0,"22":0,"23":0,"24":0,"25":0,"26":0,"27":0,"28":0,"29":0,"30":0,"31":0,"32":0,"33":0},"b":{"1":[0,0],"2":[0,0,0],"3":[0,0],"4":[0,0],"5":[0,0]},"f":{"1":0,"2":0,"3":0,"4":0,"5":0,"6":0},"fnMap":{"1":{"name":"(anonymous_1)","line":7,"loc":{"start":{"line":7,"column":17},"end":{"line":7,"column":52}}},"2":{"name":"(anonymous_2)","line":12,"loc":{"start":{"line":12,"column":30},"end":{"line":12,"column":42}}},"3":{"name":"(anonymous_3)","line":17,"loc":{"start":{"line":17,"column":26},"end":{"line":17,"column":53}}},"4":{"name":"(anonymous_4)","line":18,"loc":{"start":{"line":18,"column":26},"end":{"line":18,"column":41}}},"5":{"name":"(anonymous_5)","line":19,"loc":{"start":{"line":19,"column":38},"end":{"line":19,"column":49}}},"6":{"name":"(anonymous_6)","line":50,"loc":{"start":{"line":50,"column":29},"end":{"line":50,"column":41}}}},"statementMap":{"1":{"start":{"line":3,"column":0},"end":{"line":3,"column":31}},"2":{"start":{"line":4,"column":0},"end":{"line":4,"column":31}},"3":{"start":{"line":5,"column":0},"end":{"line":5,"column":33}},"4":{"start":{"line":7,"column":0},"end":{"line":53,"column":2}},"5":{"start":{"line":8,"column":4},"end":{"line":8,"column":48}},"6":{"start":{"line":9,"column":4},"end":{"line":9,"column":36}},"7":{"start":{"line":11,"column":4},"end":{"line":11,"column":96}},"8":{"start":{"line":12,"column":4},"end":{"line":12,"column":61}},"9":{"start":{"line":12,"column":44},"end":{"line":12,"column":57}},"10":{"start":{"line":13,"column":4},"end":{"line":13,"column":67}},"11":{"start":{"line":14,"column":4},"end":{"line":14,"column":95}},"12":{"start":{"line":15,"column":4},"end":{"line":15,"column":37}},"13":{"start":{"line":17,"column":4},"end":{"line":21,"column":6}},"14":{"start":{"line":18,"column":8},"end":{"line":20,"column":11}},"15":{"start":{"line":19,"column":12},"end":{"line":19,"column":70}},"16":{"start":{"line":19,"column":51},"end":{"line":19,"column":66}},"17":{"start":{"line":22,"column":4},"end":{"line":24,"column":26}},"18":{"start":{"line":26,"column":4},"end":{"line":43,"column":5}},"19":{"start":{"line":28,"column":8},"end":{"line":28,"column":20}},"20":{"start":{"line":29,"column":8},"end":{"line":29,"column":20}},"21":{"start":{"line":30,"column":8},"end":{"line":35,"column":9}},"22":{"start":{"line":31,"column":12},"end":{"line":33,"column":13}},"23":{"start":{"line":32,"column":16},"end":{"line":32,"column":32}},"24":{"start":{"line":34,"column":12},"end":{"line":34,"column":28}},"25":{"start":{"line":36,"column":8},"end":{"line":36,"column":34}},"26":{"start":{"line":37,"column":8},"end":{"line":40,"column":9}},"27":{"start":{"line":38,"column":12},"end":{"line":38,"column":16}},"28":{"start":{"line":39,"column":12},"end":{"line":39,"column":18}},"29":{"start":{"line":41,"column":8},"end":{"line":41,"column":27}},"30":{"start":{"line":42,"column":8},"end":{"line":42,"column":12}},"31":{"start":{"line":44,"column":4},"end":{"line":44,"column":45}},"32":{"start":{"line":46,"column":4},"end":{"line":52,"column":6}},"33":{"start":{"line":50,"column":43},"end":{"line":50,"column":88}}},"branchMap":{"1":{"line":8,"type":"binary-expr","locations":[{"start":{"line":8,"column":23},"end":{"line":8,"column":39}},{"start":{"line":8,"column":43},"end":{"line":8,"column":47}}]},"2":{"line":11,"type":"binary-expr","locations":[{"start":{"line":11,"column":11},"end":{"line":11,"column":20}},{"start":{"line":11,"column":24},"end":{"line":11,"column":37}},{"start":{"line":11,"column":41},"end":{"line":11,"column":50}}]},"3":{"line":31,"type":"if","locations":[{"start":{"line":31,"column":12},"end":{"line":31,"column":12}},{"start":{"line":31,"column":12},"end":{"line":31,"column":12}}]},"4":{"line":37,"type":"if","locations":[{"start":{"line":37,"column":8},"end":{"line":37,"column":8}},{"start":{"line":37,"column":8},"end":{"line":37,"column":8}}]},"5":{"line":37,"type":"binary-expr","locations":[{"start":{"line":37,"column":12},"end":{"line":37,"column":40}},{"start":{"line":37,"column":44},"end":{"line":37,"column":51}}]}},"code":["'use strict';","","var assert = require('assert');","var _a = require('mout/array');","var numeric = require('numeric');","","module.exports = function(dataset, retainedVariance){","    retainedVariance = retainedVariance || 0.99;","    var dims = numeric.dim(dataset);","","    assert(dims[0]>0 && dims[1] === 2 && dims[2]>0 , 'dataset must be an list of [X,y] tuples');","    var inputs =  dataset.map(function(ex){ return ex[0]; });","    var covMatrix  = numeric.dot(numeric.transpose(inputs),inputs);","    covMatrix = numeric.mul(covMatrix, numeric.rep(numeric.dim(covMatrix), 1 / inputs.length));","    var usv = numeric.svd(covMatrix);","","    var getFirstColumns = function(matrix, nbColumns){","        return matrix.map(function(line) {","            return _a.take(nbColumns, function(i){ return line[i]; });","        });","    };","    var n = dims[2],","        k = dims[2],","        j = 0, retain = 1;","","    while (true){","        // decrease k while retain variance is acceptable","        var num = 0;","        var den = 0;","        for (j = 0; j<n; j++){","            if (j < k){","                num += usv.S[j];","            }","            den += usv.S[j];","        }","        var newRetain = num / den;","        if (newRetain < retainedVariance || k === 0){","            k++;","            break;","        }","        retain = newRetain;","        k--;","    }","    var reducedU = getFirstColumns(usv.U, k);","","    return {","        U: reducedU,","        oldDimension: n,","        newDimension: k,","        dataset: dataset.map(function(ex){ return [numeric.dot(ex[0], reducedU), ex[1]]; }),","        retainedVariance: retain","    };","};"],"l":{"3":1,"4":1,"5":1,"7":1,"8":0,"9":0,"11":0,"12":0,"13":0,"14":0,"15":0,"17":0,"18":0,"19":0,"22":0,"26":0,"28":0,"29":0,"30":0,"31":0,"32":0,"34":0,"36":0,"37":0,"38":0,"39":0,"41":0,"42":0,"44":0,"46":0,"50":0}},"/home/travis/build/npmtest/node-npmtest-node-svm/node_modules/node-svm/lib/util/read-dataset.js":{"path":"/home/travis/build/npmtest/node-npmtest-node-svm/node_modules/node-svm/lib/util/read-dataset.js","s":{"1":1,"2":1,"3":1,"4":1,"5":1,"6":1,"7":1,"8":0,"9":0,"10":0,"11":0,"12":0,"13":0,"14":0,"15":0,"16":0,"17":0,"18":0,"19":0,"20":0,"21":1,"22":0,"23":1,"24":0,"25":0,"26":0,"27":0,"28":1},"b":{"1":[0,0]},"f":{"1":0,"2":0,"3":0,"4":0,"5":0,"6":0,"7":0,"8":0,"9":0},"fnMap":{"1":{"name":"(anonymous_1)","line":11,"loc":{"start":{"line":11,"column":17},"end":{"line":11,"column":33}}},"2":{"name":"(anonymous_2)","line":14,"loc":{"start":{"line":14,"column":16},"end":{"line":14,"column":31}}},"3":{"name":"(anonymous_3)","line":15,"loc":{"start":{"line":15,"column":13},"end":{"line":15,"column":27}}},"4":{"name":"(anonymous_4)","line":21,"loc":{"start":{"line":21,"column":25},"end":{"line":21,"column":38}}},"5":{"name":"(anonymous_5)","line":38,"loc":{"start":{"line":38,"column":13},"end":{"line":38,"column":29}}},"6":{"name":"(anonymous_6)","line":40,"loc":{"start":{"line":40,"column":34},"end":{"line":40,"column":45}}},"7":{"name":"(anonymous_7)","line":47,"loc":{"start":{"line":47,"column":15},"end":{"line":47,"column":31}}},"8":{"name":"(anonymous_8)","line":51,"loc":{"start":{"line":51,"column":11},"end":{"line":51,"column":29}}},"9":{"name":"(anonymous_9)","line":53,"loc":{"start":{"line":53,"column":14},"end":{"line":53,"column":30}}}},"statementMap":{"1":{"start":{"line":3,"column":0},"end":{"line":3,"column":21}},"2":{"start":{"line":4,"column":0},"end":{"line":4,"column":23}},"3":{"start":{"line":5,"column":0},"end":{"line":5,"column":27}},"4":{"start":{"line":6,"column":0},"end":{"line":6,"column":31}},"5":{"start":{"line":7,"column":0},"end":{"line":7,"column":30}},"6":{"start":{"line":8,"column":0},"end":{"line":8,"column":33}},"7":{"start":{"line":11,"column":0},"end":{"line":45,"column":2}},"8":{"start":{"line":12,"column":4},"end":{"line":12,"column":27}},"9":{"start":{"line":13,"column":4},"end":{"line":29,"column":11}},"10":{"start":{"line":14,"column":33},"end":{"line":14,"column":58}},"11":{"start":{"line":16,"column":12},"end":{"line":16,"column":39}},"12":{"start":{"line":17,"column":12},"end":{"line":28,"column":14}},"13":{"start":{"line":22,"column":24},"end":{"line":22,"column":50}},"14":{"start":{"line":23,"column":24},"end":{"line":26,"column":26}},"15":{"start":{"line":30,"column":4},"end":{"line":35,"column":17}},"16":{"start":{"line":37,"column":4},"end":{"line":44,"column":19}},"17":{"start":{"line":39,"column":12},"end":{"line":39,"column":48}},"18":{"start":{"line":40,"column":12},"end":{"line":42,"column":15}},"19":{"start":{"line":41,"column":16},"end":{"line":41,"column":38}},"20":{"start":{"line":43,"column":12},"end":{"line":43,"column":31}},"21":{"start":{"line":47,"column":0},"end":{"line":49,"column":2}},"22":{"start":{"line":48,"column":2},"end":{"line":48,"column":37}},"23":{"start":{"line":51,"column":0},"end":{"line":61,"column":2}},"24":{"start":{"line":52,"column":4},"end":{"line":60,"column":11}},"25":{"start":{"line":54,"column":12},"end":{"line":59,"column":13}},"26":{"start":{"line":56,"column":20},"end":{"line":56,"column":42}},"27":{"start":{"line":58,"column":20},"end":{"line":58,"column":44}},"28":{"start":{"line":63,"column":0},"end":{"line":63,"column":22}}},"branchMap":{"1":{"line":54,"type":"switch","locations":[{"start":{"line":55,"column":16},"end":{"line":56,"column":42}},{"start":{"line":57,"column":16},"end":{"line":58,"column":44}}]}},"code":["'use strict';","","var Q = require('q');","var fs = require('fs');","var path = require('path');","var _a = require('mout/array');","var _ = require('underscore');","var numeric = require('numeric');","","","var readLibsvm = function (data) {","    data = data.toString();","    var lines = _.chain(data.split('\\n'))","        .filter(function (str) { return str.trim() !== '';  }) // remove empty lines","        .map(function(line){","            var elts = line.split(' ');","            return {","                y: parseInt(elts[0], 10),","                features: _.chain(elts)","                    .rest(1)","                    .map(function(str){","                        var node = str.split(':');","                        return {","                            index: parseInt(node[0], 10),","                            value: parseFloat(node[1])","                        };","                    }).value()","            };","        });","    var nbFeatures = lines","        .pluck('features')","        .flatten()","        .pluck('index')","        .max()","        .value();","","    return lines","        .map(function (line) {","            var x = numeric.rep([nbFeatures],0);","            line.features.forEach(function(f){","                x[f.index-1]= f.value;","            });","            return [x, line.y];","        }).value();","};","","var readJson = function (data) {","  return JSON.parse(data.toString());","};","","var read = function(fileName){","    return Q.nfcall(fs.readFile, fileName)","        .then(function (data) {","            switch (path.extname(fileName)){","                case '.json':","                    return readJson(data);","                default :","                    return readLibsvm(data);","            }","        });","};","","module.exports = read;"],"l":{"3":1,"4":1,"5":1,"6":1,"7":1,"8":1,"11":1,"12":0,"13":0,"14":0,"16":0,"17":0,"22":0,"23":0,"30":0,"37":0,"39":0,"40":0,"41":0,"43":0,"47":1,"48":0,"51":1,"52":0,"54":0,"56":0,"58":0,"63":1}},"/home/travis/build/npmtest/node-npmtest-node-svm/node_modules/node-svm/Gruntfile.js":{"path":"/home/travis/build/npmtest/node-npmtest-node-svm/node_modules/node-svm/Gruntfile.js","s":{"1":1,"2":0,"3":0,"4":0,"5":0,"6":0},"b":{},"f":{"1":0},"fnMap":{"1":{"name":"(anonymous_1)","line":3,"loc":{"start":{"line":3,"column":17},"end":{"line":3,"column":34}}}},"statementMap":{"1":{"start":{"line":3,"column":0},"end":{"line":51,"column":2}},"2":{"start":{"line":4,"column":4},"end":{"line":4,"column":39}},"3":{"start":{"line":5,"column":4},"end":{"line":46,"column":7}},"4":{"start":{"line":47,"column":4},"end":{"line":47,"column":63}},"5":{"start":{"line":48,"column":4},"end":{"line":48,"column":61}},"6":{"start":{"line":50,"column":4},"end":{"line":50,"column":42}}},"branchMap":{},"code":["'use strict';","","module.exports = function (grunt) {","    require('load-grunt-tasks')(grunt);","    grunt.initConfig({","        gyp: {","            addon: {}","        },","        simplemocha: {","            options: {","                reporter: 'spec',","                timeout: '5000'","            },","            full: {","                src: ['test/**/*.spec.js']","            },","            short: {","                options: {","                    reporter: 'dot'","                },","                src: ['test/*.spec.js']","            }","        },","        jshint: {","            options: {","                jshintrc: '.jshintrc'","            },","            files: [","                'Gruntfile.js',","                'bin/*',","                'lib/**/*.js',","                'test/**/*.js',","                'examples/**/*.js',","                '!test/reports/**/*'","            ]","        },","        exec: {","            coveralls: {","                command: 'STRICT_REQUIRE=1 node node_modules/.bin/istanbul cover ./node_modules/mocha/bin/_mocha --report lcovonly -- -R dot test/**/*.spec.js && cat ./coverage/lcov.info | ./node_modules/.bin/coveralls && rm -rf ./coverage'","            }","        },","        watch: {","            files: ['<%= jshint.files %>'],","            tasks: ['jshint', 'simplemocha:short']","        }","    });","    grunt.registerTask('test', ['jshint', 'simplemocha:full']);","    grunt.registerTask('travis', ['test', 'exec:coveralls']);","","    grunt.registerTask('default', 'test');","};"],"l":{"3":1,"4":0,"5":0,"47":0,"48":0,"50":0}}}